2025-11-23 19:49:29.264 [main] DEBUG c.g.duskmage2009.parser.DeckParser - Parsing deck from file: C:\Users\duskm\AppData\Local\Temp\junit10338367184729600754\neutral_deck.json
2025-11-23 19:49:29.368 [main] INFO  c.g.duskmage2009.parser.DeckParser - Successfully parsed deck: Neutral Deck with 1 cards
2025-11-23 19:49:29.394 [main] DEBUG c.g.duskmage2009.parser.DeckParser - Parsing deck from file: C:\Users\duskm\AppData\Local\Temp\junit17349211117980029\category_deck.json
2025-11-23 19:49:29.410 [main] INFO  c.g.duskmage2009.parser.DeckParser - Successfully parsed deck: Category Test Deck with 0 cards
2025-11-23 19:49:29.421 [main] DEBUG c.g.duskmage2009.parser.DeckParser - Parsing deck from file: C:\Users\duskm\AppData\Local\Temp\junit16135934709902128326\test_deck.json
2025-11-23 19:49:29.436 [main] INFO  c.g.duskmage2009.parser.DeckParser - Successfully parsed deck: Test Deck with 1 cards
2025-11-23 19:49:29.443 [main] DEBUG c.g.duskmage2009.parser.DeckParser - Parsing deck from file: \non\existent\file.json
2025-11-23 19:49:29.444 [main] ERROR c.g.duskmage2009.parser.DeckParser - Failed to parse deck from file: \non\existent\file.json
java.io.FileNotFoundException: \non\existent\file.json (Системе не удается найти указанный путь)
	at java.base/java.io.FileInputStream.open0(Native Method)
	at java.base/java.io.FileInputStream.open(FileInputStream.java:213)
	at java.base/java.io.FileInputStream.<init>(FileInputStream.java:152)
	at com.fasterxml.jackson.core.TokenStreamFactory._fileInputStream(TokenStreamFactory.java:278)
	at com.fasterxml.jackson.core.JsonFactory.createParser(JsonFactory.java:1089)
	at com.fasterxml.jackson.databind.ObjectMapper.readValue(ObjectMapper.java:3637)
	at com.github.duskmage2009.parser.DeckParser.parse(DeckParser.java:27)
	at com.github.duskmage2009.parser.DeckParserTest.lambda$testParseNonExistentFile$1(DeckParserTest.java:223)
	at org.junit.jupiter.api.AssertThrows.assertThrows(AssertThrows.java:53)
	at org.junit.jupiter.api.AssertThrows.assertThrows(AssertThrows.java:35)
	at org.junit.jupiter.api.Assertions.assertThrows(Assertions.java:3111)
	at com.github.duskmage2009.parser.DeckParserTest.testParseNonExistentFile(DeckParserTest.java:223)
	at java.base/jdk.internal.reflect.DirectMethodHandleAccessor.invoke(DirectMethodHandleAccessor.java:103)
	at java.base/java.lang.reflect.Method.invoke(Method.java:580)
	at org.junit.platform.commons.util.ReflectionUtils.invokeMethod(ReflectionUtils.java:728)
	at org.junit.jupiter.engine.execution.MethodInvocation.proceed(MethodInvocation.java:60)
	at org.junit.jupiter.engine.execution.InvocationInterceptorChain$ValidatingInvocation.proceed(InvocationInterceptorChain.java:131)
	at org.junit.jupiter.engine.extension.TimeoutExtension.intercept(TimeoutExtension.java:156)
	at org.junit.jupiter.engine.extension.TimeoutExtension.interceptTestableMethod(TimeoutExtension.java:147)
	at org.junit.jupiter.engine.extension.TimeoutExtension.interceptTestMethod(TimeoutExtension.java:86)
	at org.junit.jupiter.engine.execution.InterceptingExecutableInvoker$ReflectiveInterceptorCall.lambda$ofVoidMethod$0(InterceptingExecutableInvoker.java:103)
	at org.junit.jupiter.engine.execution.InterceptingExecutableInvoker.lambda$invoke$0(InterceptingExecutableInvoker.java:93)
	at org.junit.jupiter.engine.execution.InvocationInterceptorChain$InterceptedInvocation.proceed(InvocationInterceptorChain.java:106)
	at org.junit.jupiter.engine.execution.InvocationInterceptorChain.proceed(InvocationInterceptorChain.java:64)
	at org.junit.jupiter.engine.execution.InvocationInterceptorChain.chainAndInvoke(InvocationInterceptorChain.java:45)
	at org.junit.jupiter.engine.execution.InvocationInterceptorChain.invoke(InvocationInterceptorChain.java:37)
	at org.junit.jupiter.engine.execution.InterceptingExecutableInvoker.invoke(InterceptingExecutableInvoker.java:92)
	at org.junit.jupiter.engine.execution.InterceptingExecutableInvoker.invoke(InterceptingExecutableInvoker.java:86)
	at org.junit.jupiter.engine.descriptor.TestMethodTestDescriptor.lambda$invokeTestMethod$7(TestMethodTestDescriptor.java:218)
	at org.junit.platform.engine.support.hierarchical.ThrowableCollector.execute(ThrowableCollector.java:73)
	at org.junit.jupiter.engine.descriptor.TestMethodTestDescriptor.invokeTestMethod(TestMethodTestDescriptor.java:214)
	at org.junit.jupiter.engine.descriptor.TestMethodTestDescriptor.execute(TestMethodTestDescriptor.java:139)
	at org.junit.jupiter.engine.descriptor.TestMethodTestDescriptor.execute(TestMethodTestDescriptor.java:69)
	at org.junit.platform.engine.support.hierarchical.NodeTestTask.lambda$executeRecursively$6(NodeTestTask.java:151)
	at org.junit.platform.engine.support.hierarchical.ThrowableCollector.execute(ThrowableCollector.java:73)
	at org.junit.platform.engine.support.hierarchical.NodeTestTask.lambda$executeRecursively$8(NodeTestTask.java:141)
	at org.junit.platform.engine.support.hierarchical.Node.around(Node.java:137)
	at org.junit.platform.engine.support.hierarchical.NodeTestTask.lambda$executeRecursively$9(NodeTestTask.java:139)
	at org.junit.platform.engine.support.hierarchical.ThrowableCollector.execute(ThrowableCollector.java:73)
	at org.junit.platform.engine.support.hierarchical.NodeTestTask.executeRecursively(NodeTestTask.java:138)
	at org.junit.platform.engine.support.hierarchical.NodeTestTask.execute(NodeTestTask.java:95)
	at java.base/java.util.ArrayList.forEach(ArrayList.java:1596)
	at org.junit.platform.engine.support.hierarchical.SameThreadHierarchicalTestExecutorService.invokeAll(SameThreadHierarchicalTestExecutorService.java:41)
	at org.junit.platform.engine.support.hierarchical.NodeTestTask.lambda$executeRecursively$6(NodeTestTask.java:155)
	at org.junit.platform.engine.support.hierarchical.ThrowableCollector.execute(ThrowableCollector.java:73)
	at org.junit.platform.engine.support.hierarchical.NodeTestTask.lambda$executeRecursively$8(NodeTestTask.java:141)
	at org.junit.platform.engine.support.hierarchical.Node.around(Node.java:137)
	at org.junit.platform.engine.support.hierarchical.NodeTestTask.lambda$executeRecursively$9(NodeTestTask.java:139)
	at org.junit.platform.engine.support.hierarchical.ThrowableCollector.execute(ThrowableCollector.java:73)
	at org.junit.platform.engine.support.hierarchical.NodeTestTask.executeRecursively(NodeTestTask.java:138)
	at org.junit.platform.engine.support.hierarchical.NodeTestTask.execute(NodeTestTask.java:95)
	at java.base/java.util.ArrayList.forEach(ArrayList.java:1596)
	at org.junit.platform.engine.support.hierarchical.SameThreadHierarchicalTestExecutorService.invokeAll(SameThreadHierarchicalTestExecutorService.java:41)
	at org.junit.platform.engine.support.hierarchical.NodeTestTask.lambda$executeRecursively$6(NodeTestTask.java:155)
	at org.junit.platform.engine.support.hierarchical.ThrowableCollector.execute(ThrowableCollector.java:73)
	at org.junit.platform.engine.support.hierarchical.NodeTestTask.lambda$executeRecursively$8(NodeTestTask.java:141)
	at org.junit.platform.engine.support.hierarchical.Node.around(Node.java:137)
	at org.junit.platform.engine.support.hierarchical.NodeTestTask.lambda$executeRecursively$9(NodeTestTask.java:139)
	at org.junit.platform.engine.support.hierarchical.ThrowableCollector.execute(ThrowableCollector.java:73)
	at org.junit.platform.engine.support.hierarchical.NodeTestTask.executeRecursively(NodeTestTask.java:138)
	at org.junit.platform.engine.support.hierarchical.NodeTestTask.execute(NodeTestTask.java:95)
	at org.junit.platform.engine.support.hierarchical.SameThreadHierarchicalTestExecutorService.submit(SameThreadHierarchicalTestExecutorService.java:35)
	at org.junit.platform.engine.support.hierarchical.HierarchicalTestExecutor.execute(HierarchicalTestExecutor.java:57)
	at org.junit.platform.engine.support.hierarchical.HierarchicalTestEngine.execute(HierarchicalTestEngine.java:54)
	at org.junit.platform.launcher.core.EngineExecutionOrchestrator.execute(EngineExecutionOrchestrator.java:198)
	at org.junit.platform.launcher.core.EngineExecutionOrchestrator.execute(EngineExecutionOrchestrator.java:169)
	at org.junit.platform.launcher.core.EngineExecutionOrchestrator.execute(EngineExecutionOrchestrator.java:93)
	at org.junit.platform.launcher.core.EngineExecutionOrchestrator.lambda$execute$0(EngineExecutionOrchestrator.java:58)
	at org.junit.platform.launcher.core.EngineExecutionOrchestrator.withInterceptedStreams(EngineExecutionOrchestrator.java:141)
	at org.junit.platform.launcher.core.EngineExecutionOrchestrator.execute(EngineExecutionOrchestrator.java:57)
	at org.junit.platform.launcher.core.DefaultLauncher.execute(DefaultLauncher.java:103)
	at org.junit.platform.launcher.core.DefaultLauncher.execute(DefaultLauncher.java:85)
	at org.junit.platform.launcher.core.DelegatingLauncher.execute(DelegatingLauncher.java:47)
	at org.apache.maven.surefire.junitplatform.LazyLauncher.execute(LazyLauncher.java:56)
	at org.apache.maven.surefire.junitplatform.JUnitPlatformProvider.execute(JUnitPlatformProvider.java:184)
	at org.apache.maven.surefire.junitplatform.JUnitPlatformProvider.invokeAllTests(JUnitPlatformProvider.java:148)
	at org.apache.maven.surefire.junitplatform.JUnitPlatformProvider.invoke(JUnitPlatformProvider.java:122)
	at org.apache.maven.surefire.booter.ForkedBooter.runSuitesInProcess(ForkedBooter.java:385)
	at org.apache.maven.surefire.booter.ForkedBooter.execute(ForkedBooter.java:162)
	at org.apache.maven.surefire.booter.ForkedBooter.run(ForkedBooter.java:507)
	at org.apache.maven.surefire.booter.ForkedBooter.main(ForkedBooter.java:495)
2025-11-23 19:49:29.459 [main] DEBUG c.g.duskmage2009.parser.DeckParser - Parsing deck from file: C:\Users\duskm\AppData\Local\Temp\junit14771601848000210321\power_deck.json
2025-11-23 19:49:29.478 [main] INFO  c.g.duskmage2009.parser.DeckParser - Successfully parsed deck: Power Test Deck with 3 cards
2025-11-23 19:49:29.499 [main] DEBUG c.g.duskmage2009.parser.DeckParser - Parsing deck from file: C:\Users\duskm\AppData\Local\Temp\junit17875080957116006515\no_category_deck.json
2025-11-23 19:49:29.505 [main] INFO  c.g.duskmage2009.parser.DeckParser - Successfully parsed deck: No Category Deck with 0 cards
2025-11-23 19:49:29.514 [main] DEBUG c.g.duskmage2009.parser.DeckParser - Parsing deck from file: C:\Users\duskm\AppData\Local\Temp\junit10676059105495485077\multi_deck.json
2025-11-23 19:49:29.521 [main] INFO  c.g.duskmage2009.parser.DeckParser - Successfully parsed deck: Multi Card Deck with 3 cards
2025-11-23 19:49:29.531 [main] DEBUG c.g.duskmage2009.parser.DeckParser - Parsing deck from file: C:\Users\duskm\AppData\Local\Temp\junit11098442010306865779\stratagem_deck.json
2025-11-23 19:49:29.538 [main] INFO  c.g.duskmage2009.parser.DeckParser - Successfully parsed deck: Stratagem Deck with 1 cards
2025-11-23 19:49:29.545 [main] DEBUG c.g.duskmage2009.parser.DeckParser - Parsing deck from file: C:\Users\duskm\AppData\Local\Temp\junit2234166866757919030\invalid.json
2025-11-23 19:49:29.560 [main] ERROR c.g.duskmage2009.parser.DeckParser - Failed to parse deck from file: C:\Users\duskm\AppData\Local\Temp\junit2234166866757919030\invalid.json
com.fasterxml.jackson.core.JsonParseException: Unexpected character ('i' (code 105)): was expecting double-quote to start field name
 at [Source: (File); line: 1, column: 4]
	at com.fasterxml.jackson.core.JsonParser._constructError(JsonParser.java:2477)
	at com.fasterxml.jackson.core.base.ParserMinimalBase._reportError(ParserMinimalBase.java:750)
	at com.fasterxml.jackson.core.base.ParserMinimalBase._reportUnexpectedChar(ParserMinimalBase.java:674)
	at com.fasterxml.jackson.core.json.UTF8StreamJsonParser._handleOddName(UTF8StreamJsonParser.java:2144)
	at com.fasterxml.jackson.core.json.UTF8StreamJsonParser._parseName(UTF8StreamJsonParser.java:1794)
	at com.fasterxml.jackson.core.json.UTF8StreamJsonParser.nextToken(UTF8StreamJsonParser.java:798)
	at com.fasterxml.jackson.databind.deser.BeanDeserializer.deserialize(BeanDeserializer.java:177)
	at com.fasterxml.jackson.databind.deser.DefaultDeserializationContext.readRootValue(DefaultDeserializationContext.java:323)
	at com.fasterxml.jackson.databind.ObjectMapper._readMapAndClose(ObjectMapper.java:4825)
	at com.fasterxml.jackson.databind.ObjectMapper.readValue(ObjectMapper.java:3637)
	at com.github.duskmage2009.parser.DeckParser.parse(DeckParser.java:27)
	at com.github.duskmage2009.parser.DeckParserTest.lambda$testParseInvalidJson$0(DeckParserTest.java:217)
	at org.junit.jupiter.api.AssertThrows.assertThrows(AssertThrows.java:53)
	at org.junit.jupiter.api.AssertThrows.assertThrows(AssertThrows.java:35)
	at org.junit.jupiter.api.Assertions.assertThrows(Assertions.java:3111)
	at com.github.duskmage2009.parser.DeckParserTest.testParseInvalidJson(DeckParserTest.java:217)
	at java.base/jdk.internal.reflect.DirectMethodHandleAccessor.invoke(DirectMethodHandleAccessor.java:103)
	at java.base/java.lang.reflect.Method.invoke(Method.java:580)
	at org.junit.platform.commons.util.ReflectionUtils.invokeMethod(ReflectionUtils.java:728)
	at org.junit.jupiter.engine.execution.MethodInvocation.proceed(MethodInvocation.java:60)
	at org.junit.jupiter.engine.execution.InvocationInterceptorChain$ValidatingInvocation.proceed(InvocationInterceptorChain.java:131)
	at org.junit.jupiter.engine.extension.TimeoutExtension.intercept(TimeoutExtension.java:156)
	at org.junit.jupiter.engine.extension.TimeoutExtension.interceptTestableMethod(TimeoutExtension.java:147)
	at org.junit.jupiter.engine.extension.TimeoutExtension.interceptTestMethod(TimeoutExtension.java:86)
	at org.junit.jupiter.engine.execution.InterceptingExecutableInvoker$ReflectiveInterceptorCall.lambda$ofVoidMethod$0(InterceptingExecutableInvoker.java:103)
	at org.junit.jupiter.engine.execution.InterceptingExecutableInvoker.lambda$invoke$0(InterceptingExecutableInvoker.java:93)
	at org.junit.jupiter.engine.execution.InvocationInterceptorChain$InterceptedInvocation.proceed(InvocationInterceptorChain.java:106)
	at org.junit.jupiter.engine.execution.InvocationInterceptorChain.proceed(InvocationInterceptorChain.java:64)
	at org.junit.jupiter.engine.execution.InvocationInterceptorChain.chainAndInvoke(InvocationInterceptorChain.java:45)
	at org.junit.jupiter.engine.execution.InvocationInterceptorChain.invoke(InvocationInterceptorChain.java:37)
	at org.junit.jupiter.engine.execution.InterceptingExecutableInvoker.invoke(InterceptingExecutableInvoker.java:92)
	at org.junit.jupiter.engine.execution.InterceptingExecutableInvoker.invoke(InterceptingExecutableInvoker.java:86)
	at org.junit.jupiter.engine.descriptor.TestMethodTestDescriptor.lambda$invokeTestMethod$7(TestMethodTestDescriptor.java:218)
	at org.junit.platform.engine.support.hierarchical.ThrowableCollector.execute(ThrowableCollector.java:73)
	at org.junit.jupiter.engine.descriptor.TestMethodTestDescriptor.invokeTestMethod(TestMethodTestDescriptor.java:214)
	at org.junit.jupiter.engine.descriptor.TestMethodTestDescriptor.execute(TestMethodTestDescriptor.java:139)
	at org.junit.jupiter.engine.descriptor.TestMethodTestDescriptor.execute(TestMethodTestDescriptor.java:69)
	at org.junit.platform.engine.support.hierarchical.NodeTestTask.lambda$executeRecursively$6(NodeTestTask.java:151)
	at org.junit.platform.engine.support.hierarchical.ThrowableCollector.execute(ThrowableCollector.java:73)
	at org.junit.platform.engine.support.hierarchical.NodeTestTask.lambda$executeRecursively$8(NodeTestTask.java:141)
	at org.junit.platform.engine.support.hierarchical.Node.around(Node.java:137)
	at org.junit.platform.engine.support.hierarchical.NodeTestTask.lambda$executeRecursively$9(NodeTestTask.java:139)
	at org.junit.platform.engine.support.hierarchical.ThrowableCollector.execute(ThrowableCollector.java:73)
	at org.junit.platform.engine.support.hierarchical.NodeTestTask.executeRecursively(NodeTestTask.java:138)
	at org.junit.platform.engine.support.hierarchical.NodeTestTask.execute(NodeTestTask.java:95)
	at java.base/java.util.ArrayList.forEach(ArrayList.java:1596)
	at org.junit.platform.engine.support.hierarchical.SameThreadHierarchicalTestExecutorService.invokeAll(SameThreadHierarchicalTestExecutorService.java:41)
	at org.junit.platform.engine.support.hierarchical.NodeTestTask.lambda$executeRecursively$6(NodeTestTask.java:155)
	at org.junit.platform.engine.support.hierarchical.ThrowableCollector.execute(ThrowableCollector.java:73)
	at org.junit.platform.engine.support.hierarchical.NodeTestTask.lambda$executeRecursively$8(NodeTestTask.java:141)
	at org.junit.platform.engine.support.hierarchical.Node.around(Node.java:137)
	at org.junit.platform.engine.support.hierarchical.NodeTestTask.lambda$executeRecursively$9(NodeTestTask.java:139)
	at org.junit.platform.engine.support.hierarchical.ThrowableCollector.execute(ThrowableCollector.java:73)
	at org.junit.platform.engine.support.hierarchical.NodeTestTask.executeRecursively(NodeTestTask.java:138)
	at org.junit.platform.engine.support.hierarchical.NodeTestTask.execute(NodeTestTask.java:95)
	at java.base/java.util.ArrayList.forEach(ArrayList.java:1596)
	at org.junit.platform.engine.support.hierarchical.SameThreadHierarchicalTestExecutorService.invokeAll(SameThreadHierarchicalTestExecutorService.java:41)
	at org.junit.platform.engine.support.hierarchical.NodeTestTask.lambda$executeRecursively$6(NodeTestTask.java:155)
	at org.junit.platform.engine.support.hierarchical.ThrowableCollector.execute(ThrowableCollector.java:73)
	at org.junit.platform.engine.support.hierarchical.NodeTestTask.lambda$executeRecursively$8(NodeTestTask.java:141)
	at org.junit.platform.engine.support.hierarchical.Node.around(Node.java:137)
	at org.junit.platform.engine.support.hierarchical.NodeTestTask.lambda$executeRecursively$9(NodeTestTask.java:139)
	at org.junit.platform.engine.support.hierarchical.ThrowableCollector.execute(ThrowableCollector.java:73)
	at org.junit.platform.engine.support.hierarchical.NodeTestTask.executeRecursively(NodeTestTask.java:138)
	at org.junit.platform.engine.support.hierarchical.NodeTestTask.execute(NodeTestTask.java:95)
	at org.junit.platform.engine.support.hierarchical.SameThreadHierarchicalTestExecutorService.submit(SameThreadHierarchicalTestExecutorService.java:35)
	at org.junit.platform.engine.support.hierarchical.HierarchicalTestExecutor.execute(HierarchicalTestExecutor.java:57)
	at org.junit.platform.engine.support.hierarchical.HierarchicalTestEngine.execute(HierarchicalTestEngine.java:54)
	at org.junit.platform.launcher.core.EngineExecutionOrchestrator.execute(EngineExecutionOrchestrator.java:198)
	at org.junit.platform.launcher.core.EngineExecutionOrchestrator.execute(EngineExecutionOrchestrator.java:169)
	at org.junit.platform.launcher.core.EngineExecutionOrchestrator.execute(EngineExecutionOrchestrator.java:93)
	at org.junit.platform.launcher.core.EngineExecutionOrchestrator.lambda$execute$0(EngineExecutionOrchestrator.java:58)
	at org.junit.platform.launcher.core.EngineExecutionOrchestrator.withInterceptedStreams(EngineExecutionOrchestrator.java:141)
	at org.junit.platform.launcher.core.EngineExecutionOrchestrator.execute(EngineExecutionOrchestrator.java:57)
	at org.junit.platform.launcher.core.DefaultLauncher.execute(DefaultLauncher.java:103)
	at org.junit.platform.launcher.core.DefaultLauncher.execute(DefaultLauncher.java:85)
	at org.junit.platform.launcher.core.DelegatingLauncher.execute(DelegatingLauncher.java:47)
	at org.apache.maven.surefire.junitplatform.LazyLauncher.execute(LazyLauncher.java:56)
	at org.apache.maven.surefire.junitplatform.JUnitPlatformProvider.execute(JUnitPlatformProvider.java:184)
	at org.apache.maven.surefire.junitplatform.JUnitPlatformProvider.invokeAllTests(JUnitPlatformProvider.java:148)
	at org.apache.maven.surefire.junitplatform.JUnitPlatformProvider.invoke(JUnitPlatformProvider.java:122)
	at org.apache.maven.surefire.booter.ForkedBooter.runSuitesInProcess(ForkedBooter.java:385)
	at org.apache.maven.surefire.booter.ForkedBooter.execute(ForkedBooter.java:162)
	at org.apache.maven.surefire.booter.ForkedBooter.run(ForkedBooter.java:507)
	at org.apache.maven.surefire.booter.ForkedBooter.main(ForkedBooter.java:495)
2025-11-23 19:49:29.590 [main] INFO  c.g.d.s.StatisticsCalculator - Calculating statistics for attribute: totalPower
2025-11-23 19:49:29.599 [main] INFO  c.g.d.s.StatisticsCalculator - Statistics calculated: 1 unique values
2025-11-23 19:49:29.604 [main] INFO  c.g.d.s.StatisticsCalculator - Calculating statistics for attribute: provision
2025-11-23 19:49:29.609 [main] INFO  c.g.d.s.StatisticsCalculator - Statistics calculated: 4 unique values
2025-11-23 19:49:29.612 [main] INFO  c.g.d.s.StatisticsCalculator - Calculating statistics for attribute: faction
2025-11-23 19:49:29.614 [main] INFO  c.g.d.s.StatisticsCalculator - Statistics calculated: 2 unique values
2025-11-23 19:49:29.617 [main] INFO  c.g.d.s.StatisticsCalculator - Calculating statistics for attribute: faction
2025-11-23 19:49:29.618 [main] INFO  c.g.d.s.StatisticsCalculator - Statistics calculated: 0 unique values
2025-11-23 19:49:29.621 [main] INFO  c.g.d.s.StatisticsCalculator - Calculating statistics for attribute: categories
2025-11-23 19:49:29.623 [main] INFO  c.g.d.s.StatisticsCalculator - Statistics calculated: 2 unique values
2025-11-23 19:49:29.626 [main] INFO  c.g.d.s.StatisticsCalculator - Calculating statistics for attribute: leaderAbility
2025-11-23 19:49:29.627 [main] INFO  c.g.d.s.StatisticsCalculator - Statistics calculated: 2 unique values
2025-11-23 19:49:29.631 [main] INFO  c.g.d.s.StatisticsCalculator - Calculating statistics for attribute: categories
2025-11-23 19:49:29.631 [main] INFO  c.g.d.s.StatisticsCalculator - Statistics calculated: 0 unique values
2025-11-23 19:49:29.634 [main] INFO  c.g.d.s.StatisticsCalculator - Calculating statistics for attribute: deckFaction
2025-11-23 19:49:29.635 [main] INFO  c.g.d.s.StatisticsCalculator - Statistics calculated: 2 unique values
2025-11-23 19:49:29.640 [main] INFO  c.g.d.s.StatisticsCalculator - Calculating statistics for attribute: type
2025-11-23 19:49:29.641 [main] INFO  c.g.d.s.StatisticsCalculator - Statistics calculated: 3 unique values
2025-11-23 19:49:29.643 [main] INFO  c.g.d.s.StatisticsCalculator - Calculating statistics for attribute: categories
2025-11-23 19:49:29.644 [main] INFO  c.g.d.s.StatisticsCalculator - Statistics calculated: 4 unique values
2025-11-23 19:49:29.647 [main] INFO  c.g.d.s.StatisticsCalculator - Calculating statistics for attribute: power
2025-11-23 19:49:29.647 [main] INFO  c.g.d.s.StatisticsCalculator - Statistics calculated: 1 unique values
2025-11-23 19:49:29.650 [main] INFO  c.g.d.s.StatisticsCalculator - Calculating statistics for attribute: faction
2025-11-23 19:49:29.650 [main] INFO  c.g.d.s.StatisticsCalculator - Statistics calculated: 3 unique values
2025-11-23 19:49:29.657 [main] INFO  c.g.d.s.StatisticsCalculator - Calculating statistics for attribute: unsupported
2025-11-23 19:49:29.661 [main] INFO  c.g.d.s.StatisticsCalculator - Calculating statistics for attribute: power
2025-11-23 19:49:29.661 [main] INFO  c.g.d.s.StatisticsCalculator - Statistics calculated: 2 unique values
2025-11-23 19:51:37.778 [main] INFO  c.g.duskmage2009.GwentStatisticsApp - Starting Gwent Statistics Application
2025-11-23 19:51:37.781 [main] INFO  c.g.duskmage2009.GwentStatisticsApp - Directory: decks, Attribute: faction, Threads: 4
2025-11-23 19:51:37.923 [main] INFO  c.g.d.processor.FileProcessor - Processing directory: decks with 4 threads
2025-11-23 19:51:37.927 [main] INFO  c.g.d.processor.FileProcessor - Found 9 JSON files
2025-11-23 19:51:37.936 [pool-1-thread-2] DEBUG c.g.d.processor.FileProcessor - Thread pool-1-thread-2 parsing file: Monsters 40-card Start Deck.json
2025-11-23 19:51:37.936 [pool-1-thread-1] DEBUG c.g.d.processor.FileProcessor - Thread pool-1-thread-1 parsing file: big_deck_for_test_only.json
2025-11-23 19:51:37.936 [pool-1-thread-4] DEBUG c.g.d.processor.FileProcessor - Thread pool-1-thread-4 parsing file: monster_swarm.json
2025-11-23 19:51:37.936 [pool-1-thread-3] DEBUG c.g.d.processor.FileProcessor - Thread pool-1-thread-3 parsing file: monsterStarterDeck.json
2025-11-23 19:51:37.936 [pool-1-thread-2] DEBUG c.g.duskmage2009.parser.DeckParser - Parsing deck from file: decks\Monsters 40-card Start Deck.json
2025-11-23 19:51:37.936 [pool-1-thread-1] DEBUG c.g.duskmage2009.parser.DeckParser - Parsing deck from file: decks\big_deck_for_test_only.json
2025-11-23 19:51:37.936 [pool-1-thread-4] DEBUG c.g.duskmage2009.parser.DeckParser - Parsing deck from file: decks\monster_swarm.json
2025-11-23 19:51:37.937 [pool-1-thread-3] DEBUG c.g.duskmage2009.parser.DeckParser - Parsing deck from file: decks\monsterStarterDeck.json
2025-11-23 19:51:38.026 [pool-1-thread-4] INFO  c.g.duskmage2009.parser.DeckParser - Successfully parsed deck: Monster Swarm with 10 cards
2025-11-23 19:51:38.026 [pool-1-thread-3] INFO  c.g.duskmage2009.parser.DeckParser - Successfully parsed deck: Monsters Starter Deck with 23 cards
2025-11-23 19:51:38.027 [pool-1-thread-3] DEBUG c.g.d.processor.FileProcessor - Thread pool-1-thread-3 parsing file: northern_realms_starter_deck.json
2025-11-23 19:51:38.027 [pool-1-thread-4] DEBUG c.g.d.processor.FileProcessor - Thread pool-1-thread-4 parsing file: nilfgaard_control.json
2025-11-23 19:51:38.027 [pool-1-thread-3] DEBUG c.g.duskmage2009.parser.DeckParser - Parsing deck from file: decks\northern_realms_starter_deck.json
2025-11-23 19:51:38.027 [pool-1-thread-4] DEBUG c.g.duskmage2009.parser.DeckParser - Parsing deck from file: decks\nilfgaard_control.json
2025-11-23 19:51:38.029 [pool-1-thread-4] INFO  c.g.duskmage2009.parser.DeckParser - Successfully parsed deck: Nilfgaard Control with 10 cards
2025-11-23 19:51:38.029 [pool-1-thread-4] DEBUG c.g.d.processor.FileProcessor - Thread pool-1-thread-4 parsing file: Scoia'tael Starter Deck.json
2025-11-23 19:51:38.029 [pool-1-thread-4] DEBUG c.g.duskmage2009.parser.DeckParser - Parsing deck from file: decks\Scoia'tael Starter Deck.json
2025-11-23 19:51:38.030 [pool-1-thread-2] INFO  c.g.duskmage2009.parser.DeckParser - Successfully parsed deck: Monster Horde with 40 cards
2025-11-23 19:51:38.030 [pool-1-thread-2] DEBUG c.g.d.processor.FileProcessor - Thread pool-1-thread-2 parsing file: Skellige_Starter_Deck.json
2025-11-23 19:51:38.030 [pool-1-thread-2] DEBUG c.g.duskmage2009.parser.DeckParser - Parsing deck from file: decks\Skellige_Starter_Deck.json
2025-11-23 19:51:38.031 [pool-1-thread-3] INFO  c.g.duskmage2009.parser.DeckParser - Successfully parsed deck: Northern Realms Starter Deck with 25 cards
2025-11-23 19:51:38.031 [pool-1-thread-3] DEBUG c.g.d.processor.FileProcessor - Thread pool-1-thread-3 parsing file: Syndicate Starter Deck.json
2025-11-23 19:51:38.031 [pool-1-thread-3] DEBUG c.g.duskmage2009.parser.DeckParser - Parsing deck from file: decks\Syndicate Starter Deck.json
2025-11-23 19:51:38.032 [pool-1-thread-4] INFO  c.g.duskmage2009.parser.DeckParser - Successfully parsed deck: Scoia'tael Starter Deck with 20 cards
2025-11-23 19:51:38.033 [pool-1-thread-3] INFO  c.g.duskmage2009.parser.DeckParser - Successfully parsed deck: Syndicate Starter Deck with 19 cards
2025-11-23 19:51:38.034 [pool-1-thread-2] INFO  c.g.duskmage2009.parser.DeckParser - Successfully parsed deck: Skellige Starter Deck with 20 cards
2025-11-23 19:51:38.055 [pool-1-thread-1] INFO  c.g.duskmage2009.parser.DeckParser - Successfully parsed deck: Mega Monster Test Deck with 500 cards
2025-11-23 19:51:38.056 [main] INFO  c.g.d.processor.FileProcessor - Processing completed: 9 successful, 0 failed in 127 ms
2025-11-23 19:51:38.058 [main] INFO  c.g.d.s.StatisticsCalculator - === Deck Statistics Summary ===
2025-11-23 19:51:38.065 [main] INFO  c.g.d.s.StatisticsCalculator - Calculating statistics for attribute: faction
2025-11-23 19:51:38.072 [main] INFO  c.g.d.s.StatisticsCalculator - Statistics calculated: 7 unique values
2025-11-23 19:51:38.088 [main] INFO  c.g.d.output.XmlStatisticsWriter - Writing statistics to file: C:\Users\duskm\IdeaProjects\gwent-game\decks\statistics_by_faction.xml
2025-11-23 19:51:38.145 [main] INFO  c.g.d.output.XmlStatisticsWriter - Statistics successfully written to: C:\Users\duskm\IdeaProjects\gwent-game\decks\statistics_by_faction.xml
2025-11-23 19:51:38.148 [main] INFO  c.g.duskmage2009.GwentStatisticsApp - Processing completed successfully in 368 ms
2025-11-23 22:28:37.339 [main] INFO  c.g.duskmage2009.GwentStatisticsApp - Starting Gwent Statistics Application
2025-11-23 22:28:37.342 [main] INFO  c.g.duskmage2009.GwentStatisticsApp - Directory: decks, Attribute: faction, Threads: 4
2025-11-23 22:28:37.470 [main] INFO  c.g.d.processor.FileProcessor - Processing directory: decks with 4 threads
2025-11-23 22:28:37.473 [main] INFO  c.g.d.processor.FileProcessor - Found 9 JSON files
2025-11-23 22:28:37.477 [pool-1-thread-1] DEBUG c.g.d.processor.FileProcessor - Thread pool-1-thread-1 parsing file: big_deck_for_test_only.json
2025-11-23 22:28:37.481 [pool-1-thread-4] DEBUG c.g.d.processor.FileProcessor - Thread pool-1-thread-4 parsing file: monster_swarm.json
2025-11-23 22:28:37.477 [pool-1-thread-2] DEBUG c.g.d.processor.FileProcessor - Thread pool-1-thread-2 parsing file: Monsters 40-card Start Deck.json
2025-11-23 22:28:37.481 [pool-1-thread-3] DEBUG c.g.d.processor.FileProcessor - Thread pool-1-thread-3 parsing file: monsterStarterDeck.json
2025-11-23 22:28:37.482 [pool-1-thread-2] DEBUG c.g.duskmage2009.parser.DeckParser - Parsing deck from file: decks\Monsters 40-card Start Deck.json
2025-11-23 22:28:37.482 [pool-1-thread-3] DEBUG c.g.duskmage2009.parser.DeckParser - Parsing deck from file: decks\monsterStarterDeck.json
2025-11-23 22:28:37.482 [pool-1-thread-4] DEBUG c.g.duskmage2009.parser.DeckParser - Parsing deck from file: decks\monster_swarm.json
2025-11-23 22:28:37.482 [pool-1-thread-1] DEBUG c.g.duskmage2009.parser.DeckParser - Parsing deck from file: decks\big_deck_for_test_only.json
2025-11-23 22:28:37.568 [pool-1-thread-4] INFO  c.g.duskmage2009.parser.DeckParser - Successfully parsed deck: Monster Swarm with 10 cards
2025-11-23 22:28:37.569 [pool-1-thread-3] INFO  c.g.duskmage2009.parser.DeckParser - Successfully parsed deck: Monsters Starter Deck with 23 cards
2025-11-23 22:28:37.569 [pool-1-thread-4] DEBUG c.g.d.processor.FileProcessor - Thread pool-1-thread-4 parsing file: nilfgaard_control.json
2025-11-23 22:28:37.569 [pool-1-thread-3] DEBUG c.g.d.processor.FileProcessor - Thread pool-1-thread-3 parsing file: northern_realms_starter_deck.json
2025-11-23 22:28:37.569 [pool-1-thread-4] DEBUG c.g.duskmage2009.parser.DeckParser - Parsing deck from file: decks\nilfgaard_control.json
2025-11-23 22:28:37.569 [pool-1-thread-3] DEBUG c.g.duskmage2009.parser.DeckParser - Parsing deck from file: decks\northern_realms_starter_deck.json
2025-11-23 22:28:37.571 [pool-1-thread-2] INFO  c.g.duskmage2009.parser.DeckParser - Successfully parsed deck: Monster Horde with 40 cards
2025-11-23 22:28:37.571 [pool-1-thread-2] DEBUG c.g.d.processor.FileProcessor - Thread pool-1-thread-2 parsing file: Scoia'tael Starter Deck.json
2025-11-23 22:28:37.572 [pool-1-thread-2] DEBUG c.g.duskmage2009.parser.DeckParser - Parsing deck from file: decks\Scoia'tael Starter Deck.json
2025-11-23 22:28:37.577 [pool-1-thread-2] INFO  c.g.duskmage2009.parser.DeckParser - Successfully parsed deck: Scoia'tael Starter Deck with 20 cards
2025-11-23 22:28:37.577 [pool-1-thread-2] DEBUG c.g.d.processor.FileProcessor - Thread pool-1-thread-2 parsing file: Skellige_Starter_Deck.json
2025-11-23 22:28:37.578 [pool-1-thread-2] DEBUG c.g.duskmage2009.parser.DeckParser - Parsing deck from file: decks\Skellige_Starter_Deck.json
2025-11-23 22:28:37.578 [pool-1-thread-4] INFO  c.g.duskmage2009.parser.DeckParser - Successfully parsed deck: Nilfgaard Control with 10 cards
2025-11-23 22:28:37.579 [pool-1-thread-4] DEBUG c.g.d.processor.FileProcessor - Thread pool-1-thread-4 parsing file: Syndicate Starter Deck.json
2025-11-23 22:28:37.579 [pool-1-thread-4] DEBUG c.g.duskmage2009.parser.DeckParser - Parsing deck from file: decks\Syndicate Starter Deck.json
2025-11-23 22:28:37.582 [pool-1-thread-2] INFO  c.g.duskmage2009.parser.DeckParser - Successfully parsed deck: Skellige Starter Deck with 20 cards
2025-11-23 22:28:37.583 [pool-1-thread-4] INFO  c.g.duskmage2009.parser.DeckParser - Successfully parsed deck: Syndicate Starter Deck with 19 cards
2025-11-23 22:28:37.595 [pool-1-thread-3] INFO  c.g.duskmage2009.parser.DeckParser - Successfully parsed deck: Northern Realms Starter Deck with 25 cards
2025-11-23 22:28:37.604 [pool-1-thread-1] INFO  c.g.duskmage2009.parser.DeckParser - Successfully parsed deck: Mega Monster Test Deck with 500 cards
2025-11-23 22:28:37.605 [main] INFO  c.g.d.processor.FileProcessor - Processing completed: 9 successful, 0 failed in 130 ms
2025-11-23 22:28:37.607 [main] INFO  c.g.d.s.StatisticsCalculator - === Deck Statistics Summary ===
2025-11-23 22:28:37.616 [main] INFO  c.g.d.s.StatisticsCalculator - Calculating statistics for attribute: faction
2025-11-23 22:28:37.624 [main] INFO  c.g.d.s.StatisticsCalculator - Statistics calculated: 7 unique values
2025-11-23 22:28:37.638 [main] INFO  c.g.d.output.XmlStatisticsWriter - Writing statistics to file: C:\Users\duskm\IdeaProjects\gwent-game\decks\statistics_by_faction.xml
2025-11-23 22:28:37.697 [main] INFO  c.g.d.output.XmlStatisticsWriter - Statistics successfully written to: C:\Users\duskm\IdeaProjects\gwent-game\decks\statistics_by_faction.xml
2025-11-23 22:28:37.702 [main] INFO  c.g.duskmage2009.GwentStatisticsApp - Processing completed successfully in 362 ms
2025-11-23 22:28:53.434 [main] INFO  c.g.duskmage2009.GwentStatisticsApp - Starting Gwent Statistics Application
2025-11-23 22:28:53.438 [main] INFO  c.g.duskmage2009.GwentStatisticsApp - Directory: decks, Attribute: faction, Threads: 8
2025-11-23 22:28:53.568 [main] INFO  c.g.d.processor.FileProcessor - Processing directory: decks with 8 threads
2025-11-23 22:28:53.571 [main] INFO  c.g.d.processor.FileProcessor - Found 9 JSON files
2025-11-23 22:28:53.575 [pool-1-thread-2] DEBUG c.g.d.processor.FileProcessor - Thread pool-1-thread-2 parsing file: Monsters 40-card Start Deck.json
2025-11-23 22:28:53.579 [pool-1-thread-4] DEBUG c.g.d.processor.FileProcessor - Thread pool-1-thread-4 parsing file: monster_swarm.json
2025-11-23 22:28:53.579 [pool-1-thread-5] DEBUG c.g.d.processor.FileProcessor - Thread pool-1-thread-5 parsing file: nilfgaard_control.json
2025-11-23 22:28:53.575 [pool-1-thread-1] DEBUG c.g.d.processor.FileProcessor - Thread pool-1-thread-1 parsing file: big_deck_for_test_only.json
2025-11-23 22:28:53.580 [pool-1-thread-4] DEBUG c.g.duskmage2009.parser.DeckParser - Parsing deck from file: decks\monster_swarm.json
2025-11-23 22:28:53.579 [pool-1-thread-3] DEBUG c.g.d.processor.FileProcessor - Thread pool-1-thread-3 parsing file: monsterStarterDeck.json
2025-11-23 22:28:53.579 [pool-1-thread-2] DEBUG c.g.duskmage2009.parser.DeckParser - Parsing deck from file: decks\Monsters 40-card Start Deck.json
2025-11-23 22:28:53.579 [pool-1-thread-6] DEBUG c.g.d.processor.FileProcessor - Thread pool-1-thread-6 parsing file: northern_realms_starter_deck.json
2025-11-23 22:28:53.580 [pool-1-thread-7] DEBUG c.g.d.processor.FileProcessor - Thread pool-1-thread-7 parsing file: Scoia'tael Starter Deck.json
2025-11-23 22:28:53.581 [pool-1-thread-6] DEBUG c.g.duskmage2009.parser.DeckParser - Parsing deck from file: decks\northern_realms_starter_deck.json
2025-11-23 22:28:53.580 [pool-1-thread-8] DEBUG c.g.d.processor.FileProcessor - Thread pool-1-thread-8 parsing file: Skellige_Starter_Deck.json
2025-11-23 22:28:53.580 [pool-1-thread-5] DEBUG c.g.duskmage2009.parser.DeckParser - Parsing deck from file: decks\nilfgaard_control.json
2025-11-23 22:28:53.580 [pool-1-thread-1] DEBUG c.g.duskmage2009.parser.DeckParser - Parsing deck from file: decks\big_deck_for_test_only.json
2025-11-23 22:28:53.580 [pool-1-thread-3] DEBUG c.g.duskmage2009.parser.DeckParser - Parsing deck from file: decks\monsterStarterDeck.json
2025-11-23 22:28:53.581 [pool-1-thread-7] DEBUG c.g.duskmage2009.parser.DeckParser - Parsing deck from file: decks\Scoia'tael Starter Deck.json
2025-11-23 22:28:53.581 [pool-1-thread-8] DEBUG c.g.duskmage2009.parser.DeckParser - Parsing deck from file: decks\Skellige_Starter_Deck.json
2025-11-23 22:28:53.662 [pool-1-thread-5] INFO  c.g.duskmage2009.parser.DeckParser - Successfully parsed deck: Nilfgaard Control with 10 cards
2025-11-23 22:28:53.662 [pool-1-thread-4] INFO  c.g.duskmage2009.parser.DeckParser - Successfully parsed deck: Monster Swarm with 10 cards
2025-11-23 22:28:53.663 [pool-1-thread-3] INFO  c.g.duskmage2009.parser.DeckParser - Successfully parsed deck: Monsters Starter Deck with 23 cards
2025-11-23 22:28:53.663 [pool-1-thread-5] DEBUG c.g.d.processor.FileProcessor - Thread pool-1-thread-5 parsing file: Syndicate Starter Deck.json
2025-11-23 22:28:53.664 [pool-1-thread-5] DEBUG c.g.duskmage2009.parser.DeckParser - Parsing deck from file: decks\Syndicate Starter Deck.json
2025-11-23 22:28:53.663 [pool-1-thread-8] INFO  c.g.duskmage2009.parser.DeckParser - Successfully parsed deck: Skellige Starter Deck with 20 cards
2025-11-23 22:28:53.663 [pool-1-thread-6] INFO  c.g.duskmage2009.parser.DeckParser - Successfully parsed deck: Northern Realms Starter Deck with 25 cards
2025-11-23 22:28:53.665 [pool-1-thread-2] INFO  c.g.duskmage2009.parser.DeckParser - Successfully parsed deck: Monster Horde with 40 cards
2025-11-23 22:28:53.665 [pool-1-thread-7] INFO  c.g.duskmage2009.parser.DeckParser - Successfully parsed deck: Scoia'tael Starter Deck with 20 cards
2025-11-23 22:28:53.666 [pool-1-thread-5] INFO  c.g.duskmage2009.parser.DeckParser - Successfully parsed deck: Syndicate Starter Deck with 19 cards
2025-11-23 22:28:53.690 [pool-1-thread-1] INFO  c.g.duskmage2009.parser.DeckParser - Successfully parsed deck: Mega Monster Test Deck with 500 cards
2025-11-23 22:28:53.692 [main] INFO  c.g.d.processor.FileProcessor - Processing completed: 9 successful, 0 failed in 120 ms
2025-11-23 22:28:53.694 [main] INFO  c.g.d.s.StatisticsCalculator - === Deck Statistics Summary ===
2025-11-23 22:28:53.702 [main] INFO  c.g.d.s.StatisticsCalculator - Calculating statistics for attribute: faction
2025-11-23 22:28:53.708 [main] INFO  c.g.d.s.StatisticsCalculator - Statistics calculated: 7 unique values
2025-11-23 22:28:53.721 [main] INFO  c.g.d.output.XmlStatisticsWriter - Writing statistics to file: C:\Users\duskm\IdeaProjects\gwent-game\decks\statistics_by_faction.xml
2025-11-23 22:28:53.780 [main] INFO  c.g.d.output.XmlStatisticsWriter - Statistics successfully written to: C:\Users\duskm\IdeaProjects\gwent-game\decks\statistics_by_faction.xml
2025-11-23 22:28:53.783 [main] INFO  c.g.duskmage2009.GwentStatisticsApp - Processing completed successfully in 349 ms
2025-11-23 22:29:05.935 [main] INFO  c.g.duskmage2009.GwentStatisticsApp - Starting Gwent Statistics Application
2025-11-23 22:29:05.939 [main] INFO  c.g.duskmage2009.GwentStatisticsApp - Directory: decks, Attribute: faction, Threads: 4
2025-11-23 22:29:06.070 [main] INFO  c.g.d.processor.FileProcessor - Processing directory: decks with 4 threads
2025-11-23 22:29:06.074 [main] INFO  c.g.d.processor.FileProcessor - Found 9 JSON files
2025-11-23 22:29:06.077 [pool-1-thread-2] DEBUG c.g.d.processor.FileProcessor - Thread pool-1-thread-2 parsing file: Monsters 40-card Start Deck.json
2025-11-23 22:29:06.077 [pool-1-thread-1] DEBUG c.g.d.processor.FileProcessor - Thread pool-1-thread-1 parsing file: big_deck_for_test_only.json
2025-11-23 22:29:06.083 [pool-1-thread-3] DEBUG c.g.d.processor.FileProcessor - Thread pool-1-thread-3 parsing file: monsterStarterDeck.json
2025-11-23 22:29:06.083 [pool-1-thread-4] DEBUG c.g.d.processor.FileProcessor - Thread pool-1-thread-4 parsing file: monster_swarm.json
2025-11-23 22:29:06.083 [pool-1-thread-2] DEBUG c.g.duskmage2009.parser.DeckParser - Parsing deck from file: decks\Monsters 40-card Start Deck.json
2025-11-23 22:29:06.084 [pool-1-thread-4] DEBUG c.g.duskmage2009.parser.DeckParser - Parsing deck from file: decks\monster_swarm.json
2025-11-23 22:29:06.083 [pool-1-thread-1] DEBUG c.g.duskmage2009.parser.DeckParser - Parsing deck from file: decks\big_deck_for_test_only.json
2025-11-23 22:29:06.084 [pool-1-thread-3] DEBUG c.g.duskmage2009.parser.DeckParser - Parsing deck from file: decks\monsterStarterDeck.json
2025-11-23 22:29:06.165 [pool-1-thread-4] INFO  c.g.duskmage2009.parser.DeckParser - Successfully parsed deck: Monster Swarm with 10 cards
2025-11-23 22:29:06.166 [pool-1-thread-4] DEBUG c.g.d.processor.FileProcessor - Thread pool-1-thread-4 parsing file: nilfgaard_control.json
2025-11-23 22:29:06.167 [pool-1-thread-3] INFO  c.g.duskmage2009.parser.DeckParser - Successfully parsed deck: Monsters Starter Deck with 23 cards
2025-11-23 22:29:06.167 [pool-1-thread-4] DEBUG c.g.duskmage2009.parser.DeckParser - Parsing deck from file: decks\nilfgaard_control.json
2025-11-23 22:29:06.167 [pool-1-thread-3] DEBUG c.g.d.processor.FileProcessor - Thread pool-1-thread-3 parsing file: northern_realms_starter_deck.json
2025-11-23 22:29:06.167 [pool-1-thread-3] DEBUG c.g.duskmage2009.parser.DeckParser - Parsing deck from file: decks\northern_realms_starter_deck.json
2025-11-23 22:29:06.168 [pool-1-thread-2] INFO  c.g.duskmage2009.parser.DeckParser - Successfully parsed deck: Monster Horde with 40 cards
2025-11-23 22:29:06.168 [pool-1-thread-2] DEBUG c.g.d.processor.FileProcessor - Thread pool-1-thread-2 parsing file: Scoia'tael Starter Deck.json
2025-11-23 22:29:06.168 [pool-1-thread-2] DEBUG c.g.duskmage2009.parser.DeckParser - Parsing deck from file: decks\Scoia'tael Starter Deck.json
2025-11-23 22:29:06.169 [pool-1-thread-4] INFO  c.g.duskmage2009.parser.DeckParser - Successfully parsed deck: Nilfgaard Control with 10 cards
2025-11-23 22:29:06.170 [pool-1-thread-4] DEBUG c.g.d.processor.FileProcessor - Thread pool-1-thread-4 parsing file: Skellige_Starter_Deck.json
2025-11-23 22:29:06.170 [pool-1-thread-4] DEBUG c.g.duskmage2009.parser.DeckParser - Parsing deck from file: decks\Skellige_Starter_Deck.json
2025-11-23 22:29:06.171 [pool-1-thread-3] INFO  c.g.duskmage2009.parser.DeckParser - Successfully parsed deck: Northern Realms Starter Deck with 25 cards
2025-11-23 22:29:06.171 [pool-1-thread-3] DEBUG c.g.d.processor.FileProcessor - Thread pool-1-thread-3 parsing file: Syndicate Starter Deck.json
2025-11-23 22:29:06.171 [pool-1-thread-2] INFO  c.g.duskmage2009.parser.DeckParser - Successfully parsed deck: Scoia'tael Starter Deck with 20 cards
2025-11-23 22:29:06.171 [pool-1-thread-3] DEBUG c.g.duskmage2009.parser.DeckParser - Parsing deck from file: decks\Syndicate Starter Deck.json
2025-11-23 22:29:06.173 [pool-1-thread-4] INFO  c.g.duskmage2009.parser.DeckParser - Successfully parsed deck: Skellige Starter Deck with 20 cards
2025-11-23 22:29:06.174 [pool-1-thread-3] INFO  c.g.duskmage2009.parser.DeckParser - Successfully parsed deck: Syndicate Starter Deck with 19 cards
2025-11-23 22:29:06.192 [pool-1-thread-1] INFO  c.g.duskmage2009.parser.DeckParser - Successfully parsed deck: Mega Monster Test Deck with 500 cards
2025-11-23 22:29:06.193 [main] INFO  c.g.d.processor.FileProcessor - Processing completed: 9 successful, 0 failed in 118 ms
2025-11-23 22:29:06.196 [main] INFO  c.g.d.s.StatisticsCalculator - === Deck Statistics Summary ===
2025-11-23 22:29:06.204 [main] INFO  c.g.d.s.StatisticsCalculator - Calculating statistics for attribute: faction
2025-11-23 22:29:06.209 [main] INFO  c.g.d.s.StatisticsCalculator - Statistics calculated: 7 unique values
2025-11-23 22:29:06.222 [main] INFO  c.g.d.output.XmlStatisticsWriter - Writing statistics to file: C:\Users\duskm\IdeaProjects\gwent-game\decks\statistics_by_faction.xml
2025-11-23 22:29:06.278 [main] INFO  c.g.d.output.XmlStatisticsWriter - Statistics successfully written to: C:\Users\duskm\IdeaProjects\gwent-game\decks\statistics_by_faction.xml
2025-11-23 22:29:06.282 [main] INFO  c.g.duskmage2009.GwentStatisticsApp - Processing completed successfully in 346 ms
2025-11-23 22:29:10.910 [main] INFO  c.g.duskmage2009.GwentStatisticsApp - Starting Gwent Statistics Application
2025-11-23 22:29:10.914 [main] INFO  c.g.duskmage2009.GwentStatisticsApp - Directory: decks, Attribute: faction, Threads: 8
2025-11-23 22:29:11.041 [main] INFO  c.g.d.processor.FileProcessor - Processing directory: decks with 8 threads
2025-11-23 22:29:11.044 [main] INFO  c.g.d.processor.FileProcessor - Found 9 JSON files
2025-11-23 22:29:11.048 [pool-1-thread-1] DEBUG c.g.d.processor.FileProcessor - Thread pool-1-thread-1 parsing file: big_deck_for_test_only.json
2025-11-23 22:29:11.053 [pool-1-thread-4] DEBUG c.g.d.processor.FileProcessor - Thread pool-1-thread-4 parsing file: monster_swarm.json
2025-11-23 22:29:11.053 [pool-1-thread-5] DEBUG c.g.d.processor.FileProcessor - Thread pool-1-thread-5 parsing file: nilfgaard_control.json
2025-11-23 22:29:11.048 [pool-1-thread-2] DEBUG c.g.d.processor.FileProcessor - Thread pool-1-thread-2 parsing file: Monsters 40-card Start Deck.json
2025-11-23 22:29:11.054 [pool-1-thread-5] DEBUG c.g.duskmage2009.parser.DeckParser - Parsing deck from file: decks\nilfgaard_control.json
2025-11-23 22:29:11.053 [pool-1-thread-1] DEBUG c.g.duskmage2009.parser.DeckParser - Parsing deck from file: decks\big_deck_for_test_only.json
2025-11-23 22:29:11.054 [pool-1-thread-3] DEBUG c.g.d.processor.FileProcessor - Thread pool-1-thread-3 parsing file: monsterStarterDeck.json
2025-11-23 22:29:11.054 [pool-1-thread-6] DEBUG c.g.d.processor.FileProcessor - Thread pool-1-thread-6 parsing file: northern_realms_starter_deck.json
2025-11-23 22:29:11.054 [pool-1-thread-7] DEBUG c.g.d.processor.FileProcessor - Thread pool-1-thread-7 parsing file: Scoia'tael Starter Deck.json
2025-11-23 22:29:11.054 [pool-1-thread-4] DEBUG c.g.duskmage2009.parser.DeckParser - Parsing deck from file: decks\monster_swarm.json
2025-11-23 22:29:11.054 [pool-1-thread-8] DEBUG c.g.d.processor.FileProcessor - Thread pool-1-thread-8 parsing file: Skellige_Starter_Deck.json
2025-11-23 22:29:11.054 [pool-1-thread-2] DEBUG c.g.duskmage2009.parser.DeckParser - Parsing deck from file: decks\Monsters 40-card Start Deck.json
2025-11-23 22:29:11.054 [pool-1-thread-3] DEBUG c.g.duskmage2009.parser.DeckParser - Parsing deck from file: decks\monsterStarterDeck.json
2025-11-23 22:29:11.054 [pool-1-thread-6] DEBUG c.g.duskmage2009.parser.DeckParser - Parsing deck from file: decks\northern_realms_starter_deck.json
2025-11-23 22:29:11.055 [pool-1-thread-7] DEBUG c.g.duskmage2009.parser.DeckParser - Parsing deck from file: decks\Scoia'tael Starter Deck.json
2025-11-23 22:29:11.055 [pool-1-thread-8] DEBUG c.g.duskmage2009.parser.DeckParser - Parsing deck from file: decks\Skellige_Starter_Deck.json
2025-11-23 22:29:11.135 [pool-1-thread-4] INFO  c.g.duskmage2009.parser.DeckParser - Successfully parsed deck: Monster Swarm with 10 cards
2025-11-23 22:29:11.135 [pool-1-thread-5] INFO  c.g.duskmage2009.parser.DeckParser - Successfully parsed deck: Nilfgaard Control with 10 cards
2025-11-23 22:29:11.136 [pool-1-thread-7] INFO  c.g.duskmage2009.parser.DeckParser - Successfully parsed deck: Scoia'tael Starter Deck with 20 cards
2025-11-23 22:29:11.137 [pool-1-thread-5] DEBUG c.g.d.processor.FileProcessor - Thread pool-1-thread-5 parsing file: Syndicate Starter Deck.json
2025-11-23 22:29:11.137 [pool-1-thread-5] DEBUG c.g.duskmage2009.parser.DeckParser - Parsing deck from file: decks\Syndicate Starter Deck.json
2025-11-23 22:29:11.136 [pool-1-thread-3] INFO  c.g.duskmage2009.parser.DeckParser - Successfully parsed deck: Monsters Starter Deck with 23 cards
2025-11-23 22:29:11.136 [pool-1-thread-8] INFO  c.g.duskmage2009.parser.DeckParser - Successfully parsed deck: Skellige Starter Deck with 20 cards
2025-11-23 22:29:11.137 [pool-1-thread-6] INFO  c.g.duskmage2009.parser.DeckParser - Successfully parsed deck: Northern Realms Starter Deck with 25 cards
2025-11-23 22:29:11.139 [pool-1-thread-2] INFO  c.g.duskmage2009.parser.DeckParser - Successfully parsed deck: Monster Horde with 40 cards
2025-11-23 22:29:11.140 [pool-1-thread-5] INFO  c.g.duskmage2009.parser.DeckParser - Successfully parsed deck: Syndicate Starter Deck with 19 cards
2025-11-23 22:29:11.160 [pool-1-thread-1] INFO  c.g.duskmage2009.parser.DeckParser - Successfully parsed deck: Mega Monster Test Deck with 500 cards
2025-11-23 22:29:11.161 [main] INFO  c.g.d.processor.FileProcessor - Processing completed: 9 successful, 0 failed in 115 ms
2025-11-23 22:29:11.163 [main] INFO  c.g.d.s.StatisticsCalculator - === Deck Statistics Summary ===
2025-11-23 22:29:11.171 [main] INFO  c.g.d.s.StatisticsCalculator - Calculating statistics for attribute: faction
2025-11-23 22:29:11.176 [main] INFO  c.g.d.s.StatisticsCalculator - Statistics calculated: 7 unique values
2025-11-23 22:29:11.189 [main] INFO  c.g.d.output.XmlStatisticsWriter - Writing statistics to file: C:\Users\duskm\IdeaProjects\gwent-game\decks\statistics_by_faction.xml
2025-11-23 22:29:11.244 [main] INFO  c.g.d.output.XmlStatisticsWriter - Statistics successfully written to: C:\Users\duskm\IdeaProjects\gwent-game\decks\statistics_by_faction.xml
2025-11-23 22:29:11.248 [main] INFO  c.g.duskmage2009.GwentStatisticsApp - Processing completed successfully in 337 ms
2025-11-23 22:29:17.547 [main] INFO  c.g.duskmage2009.GwentStatisticsApp - Starting Gwent Statistics Application
2025-11-23 22:29:17.550 [main] INFO  c.g.duskmage2009.GwentStatisticsApp - Directory: decks, Attribute: faction, Threads: 2
2025-11-23 22:29:17.678 [main] INFO  c.g.d.processor.FileProcessor - Processing directory: decks with 2 threads
2025-11-23 22:29:17.682 [main] INFO  c.g.d.processor.FileProcessor - Found 9 JSON files
2025-11-23 22:29:17.686 [pool-1-thread-2] DEBUG c.g.d.processor.FileProcessor - Thread pool-1-thread-2 parsing file: Monsters 40-card Start Deck.json
2025-11-23 22:29:17.686 [pool-1-thread-1] DEBUG c.g.d.processor.FileProcessor - Thread pool-1-thread-1 parsing file: big_deck_for_test_only.json
2025-11-23 22:29:17.686 [pool-1-thread-2] DEBUG c.g.duskmage2009.parser.DeckParser - Parsing deck from file: decks\Monsters 40-card Start Deck.json
2025-11-23 22:29:17.687 [pool-1-thread-1] DEBUG c.g.duskmage2009.parser.DeckParser - Parsing deck from file: decks\big_deck_for_test_only.json
2025-11-23 22:29:17.769 [pool-1-thread-2] INFO  c.g.duskmage2009.parser.DeckParser - Successfully parsed deck: Monster Horde with 40 cards
2025-11-23 22:29:17.769 [pool-1-thread-2] DEBUG c.g.d.processor.FileProcessor - Thread pool-1-thread-2 parsing file: monsterStarterDeck.json
2025-11-23 22:29:17.769 [pool-1-thread-2] DEBUG c.g.duskmage2009.parser.DeckParser - Parsing deck from file: decks\monsterStarterDeck.json
2025-11-23 22:29:17.772 [pool-1-thread-2] INFO  c.g.duskmage2009.parser.DeckParser - Successfully parsed deck: Monsters Starter Deck with 23 cards
2025-11-23 22:29:17.773 [pool-1-thread-2] DEBUG c.g.d.processor.FileProcessor - Thread pool-1-thread-2 parsing file: monster_swarm.json
2025-11-23 22:29:17.773 [pool-1-thread-2] DEBUG c.g.duskmage2009.parser.DeckParser - Parsing deck from file: decks\monster_swarm.json
2025-11-23 22:29:17.774 [pool-1-thread-2] INFO  c.g.duskmage2009.parser.DeckParser - Successfully parsed deck: Monster Swarm with 10 cards
2025-11-23 22:29:17.775 [pool-1-thread-2] DEBUG c.g.d.processor.FileProcessor - Thread pool-1-thread-2 parsing file: nilfgaard_control.json
2025-11-23 22:29:17.775 [pool-1-thread-2] DEBUG c.g.duskmage2009.parser.DeckParser - Parsing deck from file: decks\nilfgaard_control.json
2025-11-23 22:29:17.777 [pool-1-thread-2] INFO  c.g.duskmage2009.parser.DeckParser - Successfully parsed deck: Nilfgaard Control with 10 cards
2025-11-23 22:29:17.777 [pool-1-thread-2] DEBUG c.g.d.processor.FileProcessor - Thread pool-1-thread-2 parsing file: northern_realms_starter_deck.json
2025-11-23 22:29:17.777 [pool-1-thread-2] DEBUG c.g.duskmage2009.parser.DeckParser - Parsing deck from file: decks\northern_realms_starter_deck.json
2025-11-23 22:29:17.779 [pool-1-thread-2] INFO  c.g.duskmage2009.parser.DeckParser - Successfully parsed deck: Northern Realms Starter Deck with 25 cards
2025-11-23 22:29:17.780 [pool-1-thread-2] DEBUG c.g.d.processor.FileProcessor - Thread pool-1-thread-2 parsing file: Scoia'tael Starter Deck.json
2025-11-23 22:29:17.780 [pool-1-thread-2] DEBUG c.g.duskmage2009.parser.DeckParser - Parsing deck from file: decks\Scoia'tael Starter Deck.json
2025-11-23 22:29:17.782 [pool-1-thread-2] INFO  c.g.duskmage2009.parser.DeckParser - Successfully parsed deck: Scoia'tael Starter Deck with 20 cards
2025-11-23 22:29:17.782 [pool-1-thread-2] DEBUG c.g.d.processor.FileProcessor - Thread pool-1-thread-2 parsing file: Skellige_Starter_Deck.json
2025-11-23 22:29:17.783 [pool-1-thread-2] DEBUG c.g.duskmage2009.parser.DeckParser - Parsing deck from file: decks\Skellige_Starter_Deck.json
2025-11-23 22:29:17.785 [pool-1-thread-2] INFO  c.g.duskmage2009.parser.DeckParser - Successfully parsed deck: Skellige Starter Deck with 20 cards
2025-11-23 22:29:17.785 [pool-1-thread-2] DEBUG c.g.d.processor.FileProcessor - Thread pool-1-thread-2 parsing file: Syndicate Starter Deck.json
2025-11-23 22:29:17.785 [pool-1-thread-2] DEBUG c.g.duskmage2009.parser.DeckParser - Parsing deck from file: decks\Syndicate Starter Deck.json
2025-11-23 22:29:17.787 [pool-1-thread-2] INFO  c.g.duskmage2009.parser.DeckParser - Successfully parsed deck: Syndicate Starter Deck with 19 cards
2025-11-23 22:29:17.794 [pool-1-thread-1] INFO  c.g.duskmage2009.parser.DeckParser - Successfully parsed deck: Mega Monster Test Deck with 500 cards
2025-11-23 22:29:17.795 [main] INFO  c.g.d.processor.FileProcessor - Processing completed: 9 successful, 0 failed in 111 ms
2025-11-23 22:29:17.797 [main] INFO  c.g.d.s.StatisticsCalculator - === Deck Statistics Summary ===
2025-11-23 22:29:17.805 [main] INFO  c.g.d.s.StatisticsCalculator - Calculating statistics for attribute: faction
2025-11-23 22:29:17.811 [main] INFO  c.g.d.s.StatisticsCalculator - Statistics calculated: 7 unique values
2025-11-23 22:29:17.824 [main] INFO  c.g.d.output.XmlStatisticsWriter - Writing statistics to file: C:\Users\duskm\IdeaProjects\gwent-game\decks\statistics_by_faction.xml
2025-11-23 22:29:17.881 [main] INFO  c.g.d.output.XmlStatisticsWriter - Statistics successfully written to: C:\Users\duskm\IdeaProjects\gwent-game\decks\statistics_by_faction.xml
2025-11-23 22:29:17.886 [main] INFO  c.g.duskmage2009.GwentStatisticsApp - Processing completed successfully in 337 ms
2025-11-23 23:21:36.731 [main] DEBUG c.g.duskmage2009.parser.DeckParser - Parsing deck from file: C:\Users\duskm\AppData\Local\Temp\junit2306003887294901827\neutral_deck.json
2025-11-23 23:21:36.838 [main] INFO  c.g.duskmage2009.parser.DeckParser - Successfully parsed deck: Neutral Deck with 1 cards
2025-11-23 23:21:36.862 [main] DEBUG c.g.duskmage2009.parser.DeckParser - Parsing deck from file: C:\Users\duskm\AppData\Local\Temp\junit2422155505069976549\category_deck.json
2025-11-23 23:21:36.877 [main] INFO  c.g.duskmage2009.parser.DeckParser - Successfully parsed deck: Category Test Deck with 0 cards
2025-11-23 23:21:36.890 [main] DEBUG c.g.duskmage2009.parser.DeckParser - Parsing deck from file: C:\Users\duskm\AppData\Local\Temp\junit390373349004944881\test_deck.json
2025-11-23 23:21:36.909 [main] INFO  c.g.duskmage2009.parser.DeckParser - Successfully parsed deck: Test Deck with 1 cards
2025-11-23 23:21:36.921 [main] DEBUG c.g.duskmage2009.parser.DeckParser - Parsing deck from file: \non\existent\file.json
2025-11-23 23:21:36.922 [main] ERROR c.g.duskmage2009.parser.DeckParser - Failed to parse deck from file: \non\existent\file.json
java.io.FileNotFoundException: \non\existent\file.json (Системе не удается найти указанный путь)
	at java.base/java.io.FileInputStream.open0(Native Method)
	at java.base/java.io.FileInputStream.open(FileInputStream.java:213)
	at java.base/java.io.FileInputStream.<init>(FileInputStream.java:152)
	at com.fasterxml.jackson.core.TokenStreamFactory._fileInputStream(TokenStreamFactory.java:278)
	at com.fasterxml.jackson.core.JsonFactory.createParser(JsonFactory.java:1089)
	at com.fasterxml.jackson.databind.ObjectMapper.readValue(ObjectMapper.java:3637)
	at com.github.duskmage2009.parser.DeckParser.parse(DeckParser.java:27)
	at com.github.duskmage2009.parser.DeckParserTest.lambda$testParseNonExistentFile$1(DeckParserTest.java:223)
	at org.junit.jupiter.api.AssertThrows.assertThrows(AssertThrows.java:53)
	at org.junit.jupiter.api.AssertThrows.assertThrows(AssertThrows.java:35)
	at org.junit.jupiter.api.Assertions.assertThrows(Assertions.java:3111)
	at com.github.duskmage2009.parser.DeckParserTest.testParseNonExistentFile(DeckParserTest.java:223)
	at java.base/jdk.internal.reflect.DirectMethodHandleAccessor.invoke(DirectMethodHandleAccessor.java:103)
	at java.base/java.lang.reflect.Method.invoke(Method.java:580)
	at org.junit.platform.commons.util.ReflectionUtils.invokeMethod(ReflectionUtils.java:728)
	at org.junit.jupiter.engine.execution.MethodInvocation.proceed(MethodInvocation.java:60)
	at org.junit.jupiter.engine.execution.InvocationInterceptorChain$ValidatingInvocation.proceed(InvocationInterceptorChain.java:131)
	at org.junit.jupiter.engine.extension.TimeoutExtension.intercept(TimeoutExtension.java:156)
	at org.junit.jupiter.engine.extension.TimeoutExtension.interceptTestableMethod(TimeoutExtension.java:147)
	at org.junit.jupiter.engine.extension.TimeoutExtension.interceptTestMethod(TimeoutExtension.java:86)
	at org.junit.jupiter.engine.execution.InterceptingExecutableInvoker$ReflectiveInterceptorCall.lambda$ofVoidMethod$0(InterceptingExecutableInvoker.java:103)
	at org.junit.jupiter.engine.execution.InterceptingExecutableInvoker.lambda$invoke$0(InterceptingExecutableInvoker.java:93)
	at org.junit.jupiter.engine.execution.InvocationInterceptorChain$InterceptedInvocation.proceed(InvocationInterceptorChain.java:106)
	at org.junit.jupiter.engine.execution.InvocationInterceptorChain.proceed(InvocationInterceptorChain.java:64)
	at org.junit.jupiter.engine.execution.InvocationInterceptorChain.chainAndInvoke(InvocationInterceptorChain.java:45)
	at org.junit.jupiter.engine.execution.InvocationInterceptorChain.invoke(InvocationInterceptorChain.java:37)
	at org.junit.jupiter.engine.execution.InterceptingExecutableInvoker.invoke(InterceptingExecutableInvoker.java:92)
	at org.junit.jupiter.engine.execution.InterceptingExecutableInvoker.invoke(InterceptingExecutableInvoker.java:86)
	at org.junit.jupiter.engine.descriptor.TestMethodTestDescriptor.lambda$invokeTestMethod$7(TestMethodTestDescriptor.java:218)
	at org.junit.platform.engine.support.hierarchical.ThrowableCollector.execute(ThrowableCollector.java:73)
	at org.junit.jupiter.engine.descriptor.TestMethodTestDescriptor.invokeTestMethod(TestMethodTestDescriptor.java:214)
	at org.junit.jupiter.engine.descriptor.TestMethodTestDescriptor.execute(TestMethodTestDescriptor.java:139)
	at org.junit.jupiter.engine.descriptor.TestMethodTestDescriptor.execute(TestMethodTestDescriptor.java:69)
	at org.junit.platform.engine.support.hierarchical.NodeTestTask.lambda$executeRecursively$6(NodeTestTask.java:151)
	at org.junit.platform.engine.support.hierarchical.ThrowableCollector.execute(ThrowableCollector.java:73)
	at org.junit.platform.engine.support.hierarchical.NodeTestTask.lambda$executeRecursively$8(NodeTestTask.java:141)
	at org.junit.platform.engine.support.hierarchical.Node.around(Node.java:137)
	at org.junit.platform.engine.support.hierarchical.NodeTestTask.lambda$executeRecursively$9(NodeTestTask.java:139)
	at org.junit.platform.engine.support.hierarchical.ThrowableCollector.execute(ThrowableCollector.java:73)
	at org.junit.platform.engine.support.hierarchical.NodeTestTask.executeRecursively(NodeTestTask.java:138)
	at org.junit.platform.engine.support.hierarchical.NodeTestTask.execute(NodeTestTask.java:95)
	at java.base/java.util.ArrayList.forEach(ArrayList.java:1596)
	at org.junit.platform.engine.support.hierarchical.SameThreadHierarchicalTestExecutorService.invokeAll(SameThreadHierarchicalTestExecutorService.java:41)
	at org.junit.platform.engine.support.hierarchical.NodeTestTask.lambda$executeRecursively$6(NodeTestTask.java:155)
	at org.junit.platform.engine.support.hierarchical.ThrowableCollector.execute(ThrowableCollector.java:73)
	at org.junit.platform.engine.support.hierarchical.NodeTestTask.lambda$executeRecursively$8(NodeTestTask.java:141)
	at org.junit.platform.engine.support.hierarchical.Node.around(Node.java:137)
	at org.junit.platform.engine.support.hierarchical.NodeTestTask.lambda$executeRecursively$9(NodeTestTask.java:139)
	at org.junit.platform.engine.support.hierarchical.ThrowableCollector.execute(ThrowableCollector.java:73)
	at org.junit.platform.engine.support.hierarchical.NodeTestTask.executeRecursively(NodeTestTask.java:138)
	at org.junit.platform.engine.support.hierarchical.NodeTestTask.execute(NodeTestTask.java:95)
	at java.base/java.util.ArrayList.forEach(ArrayList.java:1596)
	at org.junit.platform.engine.support.hierarchical.SameThreadHierarchicalTestExecutorService.invokeAll(SameThreadHierarchicalTestExecutorService.java:41)
	at org.junit.platform.engine.support.hierarchical.NodeTestTask.lambda$executeRecursively$6(NodeTestTask.java:155)
	at org.junit.platform.engine.support.hierarchical.ThrowableCollector.execute(ThrowableCollector.java:73)
	at org.junit.platform.engine.support.hierarchical.NodeTestTask.lambda$executeRecursively$8(NodeTestTask.java:141)
	at org.junit.platform.engine.support.hierarchical.Node.around(Node.java:137)
	at org.junit.platform.engine.support.hierarchical.NodeTestTask.lambda$executeRecursively$9(NodeTestTask.java:139)
	at org.junit.platform.engine.support.hierarchical.ThrowableCollector.execute(ThrowableCollector.java:73)
	at org.junit.platform.engine.support.hierarchical.NodeTestTask.executeRecursively(NodeTestTask.java:138)
	at org.junit.platform.engine.support.hierarchical.NodeTestTask.execute(NodeTestTask.java:95)
	at org.junit.platform.engine.support.hierarchical.SameThreadHierarchicalTestExecutorService.submit(SameThreadHierarchicalTestExecutorService.java:35)
	at org.junit.platform.engine.support.hierarchical.HierarchicalTestExecutor.execute(HierarchicalTestExecutor.java:57)
	at org.junit.platform.engine.support.hierarchical.HierarchicalTestEngine.execute(HierarchicalTestEngine.java:54)
	at org.junit.platform.launcher.core.EngineExecutionOrchestrator.execute(EngineExecutionOrchestrator.java:198)
	at org.junit.platform.launcher.core.EngineExecutionOrchestrator.execute(EngineExecutionOrchestrator.java:169)
	at org.junit.platform.launcher.core.EngineExecutionOrchestrator.execute(EngineExecutionOrchestrator.java:93)
	at org.junit.platform.launcher.core.EngineExecutionOrchestrator.lambda$execute$0(EngineExecutionOrchestrator.java:58)
	at org.junit.platform.launcher.core.EngineExecutionOrchestrator.withInterceptedStreams(EngineExecutionOrchestrator.java:141)
	at org.junit.platform.launcher.core.EngineExecutionOrchestrator.execute(EngineExecutionOrchestrator.java:57)
	at org.junit.platform.launcher.core.DefaultLauncher.execute(DefaultLauncher.java:103)
	at org.junit.platform.launcher.core.DefaultLauncher.execute(DefaultLauncher.java:85)
	at org.junit.platform.launcher.core.DelegatingLauncher.execute(DelegatingLauncher.java:47)
	at org.apache.maven.surefire.junitplatform.LazyLauncher.execute(LazyLauncher.java:56)
	at org.apache.maven.surefire.junitplatform.JUnitPlatformProvider.execute(JUnitPlatformProvider.java:184)
	at org.apache.maven.surefire.junitplatform.JUnitPlatformProvider.invokeAllTests(JUnitPlatformProvider.java:148)
	at org.apache.maven.surefire.junitplatform.JUnitPlatformProvider.invoke(JUnitPlatformProvider.java:122)
	at org.apache.maven.surefire.booter.ForkedBooter.runSuitesInProcess(ForkedBooter.java:385)
	at org.apache.maven.surefire.booter.ForkedBooter.execute(ForkedBooter.java:162)
	at org.apache.maven.surefire.booter.ForkedBooter.run(ForkedBooter.java:507)
	at org.apache.maven.surefire.booter.ForkedBooter.main(ForkedBooter.java:495)
2025-11-23 23:21:36.940 [main] DEBUG c.g.duskmage2009.parser.DeckParser - Parsing deck from file: C:\Users\duskm\AppData\Local\Temp\junit9849803228596244646\power_deck.json
2025-11-23 23:21:36.966 [main] INFO  c.g.duskmage2009.parser.DeckParser - Successfully parsed deck: Power Test Deck with 3 cards
2025-11-23 23:21:36.979 [main] DEBUG c.g.duskmage2009.parser.DeckParser - Parsing deck from file: C:\Users\duskm\AppData\Local\Temp\junit6067342279259213020\no_category_deck.json
2025-11-23 23:21:36.996 [main] INFO  c.g.duskmage2009.parser.DeckParser - Successfully parsed deck: No Category Deck with 0 cards
2025-11-23 23:21:37.007 [main] DEBUG c.g.duskmage2009.parser.DeckParser - Parsing deck from file: C:\Users\duskm\AppData\Local\Temp\junit14435582274579969399\multi_deck.json
2025-11-23 23:21:37.027 [main] INFO  c.g.duskmage2009.parser.DeckParser - Successfully parsed deck: Multi Card Deck with 3 cards
2025-11-23 23:21:37.036 [main] DEBUG c.g.duskmage2009.parser.DeckParser - Parsing deck from file: C:\Users\duskm\AppData\Local\Temp\junit12188664950553882081\stratagem_deck.json
2025-11-23 23:21:37.057 [main] INFO  c.g.duskmage2009.parser.DeckParser - Successfully parsed deck: Stratagem Deck with 1 cards
2025-11-23 23:21:37.067 [main] DEBUG c.g.duskmage2009.parser.DeckParser - Parsing deck from file: C:\Users\duskm\AppData\Local\Temp\junit8551907087723820989\invalid.json
2025-11-23 23:21:37.090 [main] ERROR c.g.duskmage2009.parser.DeckParser - Failed to parse deck from file: C:\Users\duskm\AppData\Local\Temp\junit8551907087723820989\invalid.json
com.fasterxml.jackson.core.JsonParseException: Unexpected character ('i' (code 105)): was expecting double-quote to start field name
 at [Source: (File); line: 1, column: 4]
	at com.fasterxml.jackson.core.JsonParser._constructError(JsonParser.java:2477)
	at com.fasterxml.jackson.core.base.ParserMinimalBase._reportError(ParserMinimalBase.java:750)
	at com.fasterxml.jackson.core.base.ParserMinimalBase._reportUnexpectedChar(ParserMinimalBase.java:674)
	at com.fasterxml.jackson.core.json.UTF8StreamJsonParser._handleOddName(UTF8StreamJsonParser.java:2144)
	at com.fasterxml.jackson.core.json.UTF8StreamJsonParser._parseName(UTF8StreamJsonParser.java:1794)
	at com.fasterxml.jackson.core.json.UTF8StreamJsonParser.nextToken(UTF8StreamJsonParser.java:798)
	at com.fasterxml.jackson.databind.deser.BeanDeserializer.deserialize(BeanDeserializer.java:177)
	at com.fasterxml.jackson.databind.deser.DefaultDeserializationContext.readRootValue(DefaultDeserializationContext.java:323)
	at com.fasterxml.jackson.databind.ObjectMapper._readMapAndClose(ObjectMapper.java:4825)
	at com.fasterxml.jackson.databind.ObjectMapper.readValue(ObjectMapper.java:3637)
	at com.github.duskmage2009.parser.DeckParser.parse(DeckParser.java:27)
	at com.github.duskmage2009.parser.DeckParserTest.lambda$testParseInvalidJson$0(DeckParserTest.java:217)
	at org.junit.jupiter.api.AssertThrows.assertThrows(AssertThrows.java:53)
	at org.junit.jupiter.api.AssertThrows.assertThrows(AssertThrows.java:35)
	at org.junit.jupiter.api.Assertions.assertThrows(Assertions.java:3111)
	at com.github.duskmage2009.parser.DeckParserTest.testParseInvalidJson(DeckParserTest.java:217)
	at java.base/jdk.internal.reflect.DirectMethodHandleAccessor.invoke(DirectMethodHandleAccessor.java:103)
	at java.base/java.lang.reflect.Method.invoke(Method.java:580)
	at org.junit.platform.commons.util.ReflectionUtils.invokeMethod(ReflectionUtils.java:728)
	at org.junit.jupiter.engine.execution.MethodInvocation.proceed(MethodInvocation.java:60)
	at org.junit.jupiter.engine.execution.InvocationInterceptorChain$ValidatingInvocation.proceed(InvocationInterceptorChain.java:131)
	at org.junit.jupiter.engine.extension.TimeoutExtension.intercept(TimeoutExtension.java:156)
	at org.junit.jupiter.engine.extension.TimeoutExtension.interceptTestableMethod(TimeoutExtension.java:147)
	at org.junit.jupiter.engine.extension.TimeoutExtension.interceptTestMethod(TimeoutExtension.java:86)
	at org.junit.jupiter.engine.execution.InterceptingExecutableInvoker$ReflectiveInterceptorCall.lambda$ofVoidMethod$0(InterceptingExecutableInvoker.java:103)
	at org.junit.jupiter.engine.execution.InterceptingExecutableInvoker.lambda$invoke$0(InterceptingExecutableInvoker.java:93)
	at org.junit.jupiter.engine.execution.InvocationInterceptorChain$InterceptedInvocation.proceed(InvocationInterceptorChain.java:106)
	at org.junit.jupiter.engine.execution.InvocationInterceptorChain.proceed(InvocationInterceptorChain.java:64)
	at org.junit.jupiter.engine.execution.InvocationInterceptorChain.chainAndInvoke(InvocationInterceptorChain.java:45)
	at org.junit.jupiter.engine.execution.InvocationInterceptorChain.invoke(InvocationInterceptorChain.java:37)
	at org.junit.jupiter.engine.execution.InterceptingExecutableInvoker.invoke(InterceptingExecutableInvoker.java:92)
	at org.junit.jupiter.engine.execution.InterceptingExecutableInvoker.invoke(InterceptingExecutableInvoker.java:86)
	at org.junit.jupiter.engine.descriptor.TestMethodTestDescriptor.lambda$invokeTestMethod$7(TestMethodTestDescriptor.java:218)
	at org.junit.platform.engine.support.hierarchical.ThrowableCollector.execute(ThrowableCollector.java:73)
	at org.junit.jupiter.engine.descriptor.TestMethodTestDescriptor.invokeTestMethod(TestMethodTestDescriptor.java:214)
	at org.junit.jupiter.engine.descriptor.TestMethodTestDescriptor.execute(TestMethodTestDescriptor.java:139)
	at org.junit.jupiter.engine.descriptor.TestMethodTestDescriptor.execute(TestMethodTestDescriptor.java:69)
	at org.junit.platform.engine.support.hierarchical.NodeTestTask.lambda$executeRecursively$6(NodeTestTask.java:151)
	at org.junit.platform.engine.support.hierarchical.ThrowableCollector.execute(ThrowableCollector.java:73)
	at org.junit.platform.engine.support.hierarchical.NodeTestTask.lambda$executeRecursively$8(NodeTestTask.java:141)
	at org.junit.platform.engine.support.hierarchical.Node.around(Node.java:137)
	at org.junit.platform.engine.support.hierarchical.NodeTestTask.lambda$executeRecursively$9(NodeTestTask.java:139)
	at org.junit.platform.engine.support.hierarchical.ThrowableCollector.execute(ThrowableCollector.java:73)
	at org.junit.platform.engine.support.hierarchical.NodeTestTask.executeRecursively(NodeTestTask.java:138)
	at org.junit.platform.engine.support.hierarchical.NodeTestTask.execute(NodeTestTask.java:95)
	at java.base/java.util.ArrayList.forEach(ArrayList.java:1596)
	at org.junit.platform.engine.support.hierarchical.SameThreadHierarchicalTestExecutorService.invokeAll(SameThreadHierarchicalTestExecutorService.java:41)
	at org.junit.platform.engine.support.hierarchical.NodeTestTask.lambda$executeRecursively$6(NodeTestTask.java:155)
	at org.junit.platform.engine.support.hierarchical.ThrowableCollector.execute(ThrowableCollector.java:73)
	at org.junit.platform.engine.support.hierarchical.NodeTestTask.lambda$executeRecursively$8(NodeTestTask.java:141)
	at org.junit.platform.engine.support.hierarchical.Node.around(Node.java:137)
	at org.junit.platform.engine.support.hierarchical.NodeTestTask.lambda$executeRecursively$9(NodeTestTask.java:139)
	at org.junit.platform.engine.support.hierarchical.ThrowableCollector.execute(ThrowableCollector.java:73)
	at org.junit.platform.engine.support.hierarchical.NodeTestTask.executeRecursively(NodeTestTask.java:138)
	at org.junit.platform.engine.support.hierarchical.NodeTestTask.execute(NodeTestTask.java:95)
	at java.base/java.util.ArrayList.forEach(ArrayList.java:1596)
	at org.junit.platform.engine.support.hierarchical.SameThreadHierarchicalTestExecutorService.invokeAll(SameThreadHierarchicalTestExecutorService.java:41)
	at org.junit.platform.engine.support.hierarchical.NodeTestTask.lambda$executeRecursively$6(NodeTestTask.java:155)
	at org.junit.platform.engine.support.hierarchical.ThrowableCollector.execute(ThrowableCollector.java:73)
	at org.junit.platform.engine.support.hierarchical.NodeTestTask.lambda$executeRecursively$8(NodeTestTask.java:141)
	at org.junit.platform.engine.support.hierarchical.Node.around(Node.java:137)
	at org.junit.platform.engine.support.hierarchical.NodeTestTask.lambda$executeRecursively$9(NodeTestTask.java:139)
	at org.junit.platform.engine.support.hierarchical.ThrowableCollector.execute(ThrowableCollector.java:73)
	at org.junit.platform.engine.support.hierarchical.NodeTestTask.executeRecursively(NodeTestTask.java:138)
	at org.junit.platform.engine.support.hierarchical.NodeTestTask.execute(NodeTestTask.java:95)
	at org.junit.platform.engine.support.hierarchical.SameThreadHierarchicalTestExecutorService.submit(SameThreadHierarchicalTestExecutorService.java:35)
	at org.junit.platform.engine.support.hierarchical.HierarchicalTestExecutor.execute(HierarchicalTestExecutor.java:57)
	at org.junit.platform.engine.support.hierarchical.HierarchicalTestEngine.execute(HierarchicalTestEngine.java:54)
	at org.junit.platform.launcher.core.EngineExecutionOrchestrator.execute(EngineExecutionOrchestrator.java:198)
	at org.junit.platform.launcher.core.EngineExecutionOrchestrator.execute(EngineExecutionOrchestrator.java:169)
	at org.junit.platform.launcher.core.EngineExecutionOrchestrator.execute(EngineExecutionOrchestrator.java:93)
	at org.junit.platform.launcher.core.EngineExecutionOrchestrator.lambda$execute$0(EngineExecutionOrchestrator.java:58)
	at org.junit.platform.launcher.core.EngineExecutionOrchestrator.withInterceptedStreams(EngineExecutionOrchestrator.java:141)
	at org.junit.platform.launcher.core.EngineExecutionOrchestrator.execute(EngineExecutionOrchestrator.java:57)
	at org.junit.platform.launcher.core.DefaultLauncher.execute(DefaultLauncher.java:103)
	at org.junit.platform.launcher.core.DefaultLauncher.execute(DefaultLauncher.java:85)
	at org.junit.platform.launcher.core.DelegatingLauncher.execute(DelegatingLauncher.java:47)
	at org.apache.maven.surefire.junitplatform.LazyLauncher.execute(LazyLauncher.java:56)
	at org.apache.maven.surefire.junitplatform.JUnitPlatformProvider.execute(JUnitPlatformProvider.java:184)
	at org.apache.maven.surefire.junitplatform.JUnitPlatformProvider.invokeAllTests(JUnitPlatformProvider.java:148)
	at org.apache.maven.surefire.junitplatform.JUnitPlatformProvider.invoke(JUnitPlatformProvider.java:122)
	at org.apache.maven.surefire.booter.ForkedBooter.runSuitesInProcess(ForkedBooter.java:385)
	at org.apache.maven.surefire.booter.ForkedBooter.execute(ForkedBooter.java:162)
	at org.apache.maven.surefire.booter.ForkedBooter.run(ForkedBooter.java:507)
	at org.apache.maven.surefire.booter.ForkedBooter.main(ForkedBooter.java:495)
2025-11-23 23:21:37.120 [main] INFO  c.g.d.s.StatisticsCalculator - Calculating statistics for attribute: totalPower
2025-11-23 23:21:37.126 [main] INFO  c.g.d.s.StatisticsCalculator - Statistics calculated: 1 unique values
2025-11-23 23:21:37.129 [main] INFO  c.g.d.s.StatisticsCalculator - Calculating statistics for attribute: provision
2025-11-23 23:21:37.130 [main] INFO  c.g.d.s.StatisticsCalculator - Statistics calculated: 4 unique values
2025-11-23 23:21:37.135 [main] INFO  c.g.d.s.StatisticsCalculator - Calculating statistics for attribute: faction
2025-11-23 23:21:37.136 [main] INFO  c.g.d.s.StatisticsCalculator - Statistics calculated: 2 unique values
2025-11-23 23:21:37.139 [main] INFO  c.g.d.s.StatisticsCalculator - Calculating statistics for attribute: faction
2025-11-23 23:21:37.139 [main] INFO  c.g.d.s.StatisticsCalculator - Statistics calculated: 0 unique values
2025-11-23 23:21:37.142 [main] INFO  c.g.d.s.StatisticsCalculator - Calculating statistics for attribute: categories
2025-11-23 23:21:37.144 [main] INFO  c.g.d.s.StatisticsCalculator - Statistics calculated: 2 unique values
2025-11-23 23:21:37.150 [main] INFO  c.g.d.s.StatisticsCalculator - Calculating statistics for attribute: leaderAbility
2025-11-23 23:21:37.151 [main] INFO  c.g.d.s.StatisticsCalculator - Statistics calculated: 2 unique values
2025-11-23 23:21:37.154 [main] INFO  c.g.d.s.StatisticsCalculator - Calculating statistics for attribute: categories
2025-11-23 23:21:37.155 [main] INFO  c.g.d.s.StatisticsCalculator - Statistics calculated: 0 unique values
2025-11-23 23:21:37.158 [main] INFO  c.g.d.s.StatisticsCalculator - Calculating statistics for attribute: deckFaction
2025-11-23 23:21:37.159 [main] INFO  c.g.d.s.StatisticsCalculator - Statistics calculated: 2 unique values
2025-11-23 23:21:37.164 [main] INFO  c.g.d.s.StatisticsCalculator - Calculating statistics for attribute: type
2025-11-23 23:21:37.165 [main] INFO  c.g.d.s.StatisticsCalculator - Statistics calculated: 3 unique values
2025-11-23 23:21:37.168 [main] INFO  c.g.d.s.StatisticsCalculator - Calculating statistics for attribute: categories
2025-11-23 23:21:37.170 [main] INFO  c.g.d.s.StatisticsCalculator - Statistics calculated: 4 unique values
2025-11-23 23:21:37.174 [main] INFO  c.g.d.s.StatisticsCalculator - Calculating statistics for attribute: power
2025-11-23 23:21:37.175 [main] INFO  c.g.d.s.StatisticsCalculator - Statistics calculated: 1 unique values
2025-11-23 23:21:37.187 [main] INFO  c.g.d.s.StatisticsCalculator - Calculating statistics for attribute: faction
2025-11-23 23:21:37.188 [main] INFO  c.g.d.s.StatisticsCalculator - Statistics calculated: 3 unique values
2025-11-23 23:21:37.195 [main] INFO  c.g.d.s.StatisticsCalculator - Calculating statistics for attribute: unsupported
2025-11-23 23:21:37.202 [main] INFO  c.g.d.s.StatisticsCalculator - Calculating statistics for attribute: power
2025-11-23 23:21:37.202 [main] INFO  c.g.d.s.StatisticsCalculator - Statistics calculated: 2 unique values
2025-11-23 23:22:08.477 [main] INFO  c.g.duskmage2009.GwentStatisticsApp - Starting Gwent Statistics Application
2025-11-23 23:22:08.480 [main] INFO  c.g.duskmage2009.GwentStatisticsApp - Directory: decks, Attribute: faction, Threads: 2
2025-11-23 23:22:08.616 [main] INFO  c.g.d.processor.FileProcessor - Processing directory: decks with 2 threads
2025-11-23 23:22:08.620 [main] INFO  c.g.d.processor.FileProcessor - Found 9 JSON files
2025-11-23 23:22:08.626 [pool-1-thread-1] DEBUG c.g.d.processor.FileProcessor - Thread pool-1-thread-1 parsing file: big_deck_for_test_only.json
2025-11-23 23:22:08.626 [pool-1-thread-2] DEBUG c.g.d.processor.FileProcessor - Thread pool-1-thread-2 parsing file: Monsters 40-card Start Deck.json
2025-11-23 23:22:08.627 [pool-1-thread-1] DEBUG c.g.duskmage2009.parser.DeckParser - Parsing deck from file: decks\big_deck_for_test_only.json
2025-11-23 23:22:08.627 [pool-1-thread-2] DEBUG c.g.duskmage2009.parser.DeckParser - Parsing deck from file: decks\Monsters 40-card Start Deck.json
2025-11-23 23:22:08.720 [pool-1-thread-2] INFO  c.g.duskmage2009.parser.DeckParser - Successfully parsed deck: Monster Horde with 40 cards
2025-11-23 23:22:08.720 [pool-1-thread-2] DEBUG c.g.d.processor.FileProcessor - Thread pool-1-thread-2 parsing file: monsterStarterDeck.json
2025-11-23 23:22:08.720 [pool-1-thread-2] DEBUG c.g.duskmage2009.parser.DeckParser - Parsing deck from file: decks\monsterStarterDeck.json
2025-11-23 23:22:08.724 [pool-1-thread-2] INFO  c.g.duskmage2009.parser.DeckParser - Successfully parsed deck: Monsters Starter Deck with 23 cards
2025-11-23 23:22:08.724 [pool-1-thread-2] DEBUG c.g.d.processor.FileProcessor - Thread pool-1-thread-2 parsing file: monster_swarm.json
2025-11-23 23:22:08.724 [pool-1-thread-2] DEBUG c.g.duskmage2009.parser.DeckParser - Parsing deck from file: decks\monster_swarm.json
2025-11-23 23:22:08.726 [pool-1-thread-2] INFO  c.g.duskmage2009.parser.DeckParser - Successfully parsed deck: Monster Swarm with 10 cards
2025-11-23 23:22:08.726 [pool-1-thread-2] DEBUG c.g.d.processor.FileProcessor - Thread pool-1-thread-2 parsing file: nilfgaard_control.json
2025-11-23 23:22:08.726 [pool-1-thread-2] DEBUG c.g.duskmage2009.parser.DeckParser - Parsing deck from file: decks\nilfgaard_control.json
2025-11-23 23:22:08.728 [pool-1-thread-2] INFO  c.g.duskmage2009.parser.DeckParser - Successfully parsed deck: Nilfgaard Control with 10 cards
2025-11-23 23:22:08.729 [pool-1-thread-2] DEBUG c.g.d.processor.FileProcessor - Thread pool-1-thread-2 parsing file: northern_realms_starter_deck.json
2025-11-23 23:22:08.730 [pool-1-thread-2] DEBUG c.g.duskmage2009.parser.DeckParser - Parsing deck from file: decks\northern_realms_starter_deck.json
2025-11-23 23:22:08.732 [pool-1-thread-2] INFO  c.g.duskmage2009.parser.DeckParser - Successfully parsed deck: Northern Realms Starter Deck with 25 cards
2025-11-23 23:22:08.732 [pool-1-thread-2] DEBUG c.g.d.processor.FileProcessor - Thread pool-1-thread-2 parsing file: Scoia'tael Starter Deck.json
2025-11-23 23:22:08.732 [pool-1-thread-2] DEBUG c.g.duskmage2009.parser.DeckParser - Parsing deck from file: decks\Scoia'tael Starter Deck.json
2025-11-23 23:22:08.735 [pool-1-thread-2] INFO  c.g.duskmage2009.parser.DeckParser - Successfully parsed deck: Scoia'tael Starter Deck with 20 cards
2025-11-23 23:22:08.735 [pool-1-thread-2] DEBUG c.g.d.processor.FileProcessor - Thread pool-1-thread-2 parsing file: Skellige_Starter_Deck.json
2025-11-23 23:22:08.735 [pool-1-thread-2] DEBUG c.g.duskmage2009.parser.DeckParser - Parsing deck from file: decks\Skellige_Starter_Deck.json
2025-11-23 23:22:08.738 [pool-1-thread-2] INFO  c.g.duskmage2009.parser.DeckParser - Successfully parsed deck: Skellige Starter Deck with 20 cards
2025-11-23 23:22:08.738 [pool-1-thread-2] DEBUG c.g.d.processor.FileProcessor - Thread pool-1-thread-2 parsing file: Syndicate Starter Deck.json
2025-11-23 23:22:08.738 [pool-1-thread-2] DEBUG c.g.duskmage2009.parser.DeckParser - Parsing deck from file: decks\Syndicate Starter Deck.json
2025-11-23 23:22:08.740 [pool-1-thread-2] INFO  c.g.duskmage2009.parser.DeckParser - Successfully parsed deck: Syndicate Starter Deck with 19 cards
2025-11-23 23:22:08.747 [pool-1-thread-1] INFO  c.g.duskmage2009.parser.DeckParser - Successfully parsed deck: Mega Monster Test Deck with 500 cards
2025-11-23 23:22:08.748 [main] INFO  c.g.d.processor.FileProcessor - Processing completed: 9 successful, 0 failed in 126 ms
2025-11-23 23:22:08.750 [main] INFO  c.g.d.s.StatisticsCalculator - === Deck Statistics Summary ===
2025-11-23 23:22:08.758 [main] INFO  c.g.d.s.StatisticsCalculator - Calculating statistics for attribute: faction
2025-11-23 23:22:08.764 [main] INFO  c.g.d.s.StatisticsCalculator - Statistics calculated: 7 unique values
2025-11-23 23:22:08.765 [main] INFO  c.g.d.output.XmlStatisticsWriter - Writing statistics to file: C:\Users\duskm\IdeaProjects\gwent-game\decks\statistics_by_faction.xml
2025-11-23 23:22:08.824 [main] INFO  c.g.d.output.XmlStatisticsWriter - Statistics successfully written to: C:\Users\duskm\IdeaProjects\gwent-game\decks\statistics_by_faction.xml
2025-11-23 23:22:08.825 [main] INFO  c.g.duskmage2009.GwentStatisticsApp - Processing completed successfully in 349 ms
2025-11-23 23:23:54.280 [main] INFO  c.g.duskmage2009.GwentStatisticsApp - Starting Gwent Statistics Application
2025-11-23 23:23:54.283 [main] INFO  c.g.duskmage2009.GwentStatisticsApp - Directory: decks, Attribute: leaderAbility, Threads: 2
2025-11-23 23:23:54.419 [main] INFO  c.g.d.processor.FileProcessor - Processing directory: decks with 2 threads
2025-11-23 23:23:54.423 [main] INFO  c.g.d.processor.FileProcessor - Found 9 JSON files
2025-11-23 23:23:54.428 [pool-1-thread-1] DEBUG c.g.d.processor.FileProcessor - Thread pool-1-thread-1 parsing file: big_deck_for_test_only.json
2025-11-23 23:23:54.428 [pool-1-thread-2] DEBUG c.g.d.processor.FileProcessor - Thread pool-1-thread-2 parsing file: Monsters 40-card Start Deck.json
2025-11-23 23:23:54.428 [pool-1-thread-1] DEBUG c.g.duskmage2009.parser.DeckParser - Parsing deck from file: decks\big_deck_for_test_only.json
2025-11-23 23:23:54.430 [pool-1-thread-2] DEBUG c.g.duskmage2009.parser.DeckParser - Parsing deck from file: decks\Monsters 40-card Start Deck.json
2025-11-23 23:23:54.526 [pool-1-thread-2] INFO  c.g.duskmage2009.parser.DeckParser - Successfully parsed deck: Monster Horde with 40 cards
2025-11-23 23:23:54.526 [pool-1-thread-2] DEBUG c.g.d.processor.FileProcessor - Thread pool-1-thread-2 parsing file: monsterStarterDeck.json
2025-11-23 23:23:54.526 [pool-1-thread-2] DEBUG c.g.duskmage2009.parser.DeckParser - Parsing deck from file: decks\monsterStarterDeck.json
2025-11-23 23:23:54.530 [pool-1-thread-2] INFO  c.g.duskmage2009.parser.DeckParser - Successfully parsed deck: Monsters Starter Deck with 23 cards
2025-11-23 23:23:54.531 [pool-1-thread-2] DEBUG c.g.d.processor.FileProcessor - Thread pool-1-thread-2 parsing file: monster_swarm.json
2025-11-23 23:23:54.531 [pool-1-thread-2] DEBUG c.g.duskmage2009.parser.DeckParser - Parsing deck from file: decks\monster_swarm.json
2025-11-23 23:23:54.533 [pool-1-thread-2] INFO  c.g.duskmage2009.parser.DeckParser - Successfully parsed deck: Monster Swarm with 10 cards
2025-11-23 23:23:54.533 [pool-1-thread-2] DEBUG c.g.d.processor.FileProcessor - Thread pool-1-thread-2 parsing file: nilfgaard_control.json
2025-11-23 23:23:54.534 [pool-1-thread-2] DEBUG c.g.duskmage2009.parser.DeckParser - Parsing deck from file: decks\nilfgaard_control.json
2025-11-23 23:23:54.535 [pool-1-thread-2] INFO  c.g.duskmage2009.parser.DeckParser - Successfully parsed deck: Nilfgaard Control with 10 cards
2025-11-23 23:23:54.536 [pool-1-thread-2] DEBUG c.g.d.processor.FileProcessor - Thread pool-1-thread-2 parsing file: northern_realms_starter_deck.json
2025-11-23 23:23:54.536 [pool-1-thread-2] DEBUG c.g.duskmage2009.parser.DeckParser - Parsing deck from file: decks\northern_realms_starter_deck.json
2025-11-23 23:23:54.540 [pool-1-thread-2] INFO  c.g.duskmage2009.parser.DeckParser - Successfully parsed deck: Northern Realms Starter Deck with 25 cards
2025-11-23 23:23:54.541 [pool-1-thread-2] DEBUG c.g.d.processor.FileProcessor - Thread pool-1-thread-2 parsing file: Scoia'tael Starter Deck.json
2025-11-23 23:23:54.541 [pool-1-thread-2] DEBUG c.g.duskmage2009.parser.DeckParser - Parsing deck from file: decks\Scoia'tael Starter Deck.json
2025-11-23 23:23:54.543 [pool-1-thread-2] INFO  c.g.duskmage2009.parser.DeckParser - Successfully parsed deck: Scoia'tael Starter Deck with 20 cards
2025-11-23 23:23:54.543 [pool-1-thread-2] DEBUG c.g.d.processor.FileProcessor - Thread pool-1-thread-2 parsing file: Skellige_Starter_Deck.json
2025-11-23 23:23:54.543 [pool-1-thread-2] DEBUG c.g.duskmage2009.parser.DeckParser - Parsing deck from file: decks\Skellige_Starter_Deck.json
2025-11-23 23:23:54.546 [pool-1-thread-2] INFO  c.g.duskmage2009.parser.DeckParser - Successfully parsed deck: Skellige Starter Deck with 20 cards
2025-11-23 23:23:54.547 [pool-1-thread-2] DEBUG c.g.d.processor.FileProcessor - Thread pool-1-thread-2 parsing file: Syndicate Starter Deck.json
2025-11-23 23:23:54.548 [pool-1-thread-2] DEBUG c.g.duskmage2009.parser.DeckParser - Parsing deck from file: decks\Syndicate Starter Deck.json
2025-11-23 23:23:54.549 [pool-1-thread-2] INFO  c.g.duskmage2009.parser.DeckParser - Successfully parsed deck: Syndicate Starter Deck with 19 cards
2025-11-23 23:23:54.556 [pool-1-thread-1] INFO  c.g.duskmage2009.parser.DeckParser - Successfully parsed deck: Mega Monster Test Deck with 500 cards
2025-11-23 23:23:54.557 [main] INFO  c.g.d.processor.FileProcessor - Processing completed: 9 successful, 0 failed in 132 ms
2025-11-23 23:23:54.559 [main] INFO  c.g.d.s.StatisticsCalculator - === Deck Statistics Summary ===
2025-11-23 23:23:54.568 [main] INFO  c.g.d.s.StatisticsCalculator - Calculating statistics for attribute: leaderAbility
2025-11-23 23:23:54.576 [main] INFO  c.g.d.s.StatisticsCalculator - Statistics calculated: 6 unique values
2025-11-23 23:23:54.578 [main] INFO  c.g.d.output.XmlStatisticsWriter - Writing statistics to file: C:\Users\duskm\IdeaProjects\gwent-game\decks\statistics_by_leaderability.xml
2025-11-23 23:23:54.642 [main] INFO  c.g.d.output.XmlStatisticsWriter - Statistics successfully written to: C:\Users\duskm\IdeaProjects\gwent-game\decks\statistics_by_leaderability.xml
2025-11-23 23:23:54.643 [main] INFO  c.g.duskmage2009.GwentStatisticsApp - Processing completed successfully in 364 ms
